2025-01-23 11:12:10 [INFO]: [Function: unknown] [Line: C:\Kore AI\Automation AI\Tune Talk-Botkit Code Integration\lib\server\index.js:63] app listening at http://%s:%s :: 8003
2025-01-23 11:13:06 [INFO]: [Function: SimpleConversationalBot.js/on_user_message] [Line: C:\Kore AI\Automation AI\Tune Talk-Botkit Code Integration\SimpleConversationalBot.js:24] User Message: undefined
2025-01-23 11:13:06 [INFO]: [Function: SimpleConversationalBot.js/on_user_message] [Line: C:\Kore AI\Automation AI\Tune Talk-Botkit Code Integration\SimpleConversationalBot.js:43] Agent Transfer Status is False - Forwarding MSG to Bot
2025-01-23 11:13:08 [INFO]: [Function: SimpleConversationalBot.js/on_bot_message] [Line: C:\Kore AI\Automation AI\Tune Talk-Botkit Code Integration\SimpleConversationalBot.js:92] Bot Message: {"type":"template","payload":{"template_type":"button","text":"Here are a few tasks I can assist you with. <br /> Please select one of the option below based on your preferences","subText":"Main Menu","buttons":[{"type":"postback","title":"Connect With Agent","payload":"Connect With Agent"},{"type":"postback","title":"Create Ticket","payload":"Create Ticket"}]}}
2025-01-23 11:13:16 [INFO]: [Function: SimpleConversationalBot.js/on_user_message] [Line: C:\Kore AI\Automation AI\Tune Talk-Botkit Code Integration\SimpleConversationalBot.js:24] User Message: hi
2025-01-23 11:13:16 [INFO]: [Function: SimpleConversationalBot.js/on_user_message] [Line: C:\Kore AI\Automation AI\Tune Talk-Botkit Code Integration\SimpleConversationalBot.js:43] Agent Transfer Status is False - Forwarding MSG to Bot
2025-01-23 11:13:17 [INFO]: [Function: SimpleConversationalBot.js/on_bot_message] [Line: C:\Kore AI\Automation AI\Tune Talk-Botkit Code Integration\SimpleConversationalBot.js:92] Bot Message: Hi! 
2025-01-23 11:13:28 [INFO]: [Function: SimpleConversationalBot.js/on_user_message] [Line: C:\Kore AI\Automation AI\Tune Talk-Botkit Code Integration\SimpleConversationalBot.js:24] User Message: I want to connect to agent
2025-01-23 11:13:28 [INFO]: [Function: SimpleConversationalBot.js/on_user_message] [Line: C:\Kore AI\Automation AI\Tune Talk-Botkit Code Integration\SimpleConversationalBot.js:43] Agent Transfer Status is False - Forwarding MSG to Bot
2025-01-23 11:13:30 [INFO]: [Function: SimpleConversationalBot.js/on_agent_transfer] [Line: C:\Kore AI\Automation AI\Tune Talk-Botkit Code Integration\SimpleConversationalBot.js:294] Agent Transfer sessionId : 6791d6e838e71a5f9d12ab2d
2025-01-23 11:13:30 [INFO]: [Function: SimpleConversationalBot.js/on_agent_transfer] [Line: C:\Kore AI\Automation AI\Tune Talk-Botkit Code Integration\SimpleConversationalBot.js:309] request from RTM channel
2025-01-23 11:13:30 [INFO]: [Function: Apis.js/initiateChat] [Line: C:\Kore AI\Automation AI\Tune Talk-Botkit Code Integration\Apis.js:91] initiating Chat with agent : [object Object]
2025-01-23 11:13:30 [INFO]: [Function: Apis.js/gethistory] [Line: C:\Kore AI\Automation AI\Tune Talk-Botkit Code Integration\Apis.js:355] Fetching Chat History of SessionId: 6791d6e838e71a5f9d12ab2d
2025-01-23 11:13:31 [INFO]: [Function: Apis.js/initiateChat] [Line: C:\Kore AI\Automation AI\Tune Talk-Botkit Code Integration\Apis.js:179] Chat initiated successfully | statuscode: 201
2025-01-23 11:13:32 [INFO]: [Function: SimpleConversationalBot.js/getAgentMessage] [Line: C:\Kore AI\Automation AI\Tune Talk-Botkit Code Integration\SimpleConversationalBot.js:389] Received agent message: [object Object]
2025-01-23 11:13:32 [INFO]: [Function: SimpleConversationalBot.js/getAgentMessage] [Line: C:\Kore AI\Automation AI\Tune Talk-Botkit Code Integration\SimpleConversationalBot.js:456] Sending agent message to Web Channel user ID: u-d45e5c39-2c44-51b0-9237-889117c6c6be
2025-01-23 11:13:32 [INFO]: [Function: SimpleConversationalBot.js/getAgentMessage] [Line: C:\Kore AI\Automation AI\Tune Talk-Botkit Code Integration\SimpleConversationalBot.js:460] Agent message sent to Web Channel | statuscode: 200
2025-01-23 11:13:33 [INFO]: [Function: SimpleConversationalBot.js/getAgentMessage] [Line: C:\Kore AI\Automation AI\Tune Talk-Botkit Code Integration\SimpleConversationalBot.js:389] Received agent message: [object Object]
2025-01-23 11:15:37 [INFO]: [Function: unknown] [Line: C:\Kore AI\Automation AI\Tune Talk-Botkit Code Integration\lib\server\index.js:63] app listening at http://%s:%s :: 8003
2025-01-23 11:15:49 [INFO]: [Function: SimpleConversationalBot.js/on_user_message] [Line: C:\Kore AI\Automation AI\Tune Talk-Botkit Code Integration\SimpleConversationalBot.js:24] User Message: undefined
2025-01-23 11:15:49 [INFO]: [Function: SimpleConversationalBot.js/on_user_message] [Line: C:\Kore AI\Automation AI\Tune Talk-Botkit Code Integration\SimpleConversationalBot.js:54] Agent Transfer is True , Chat Intiated False
2025-01-23 11:15:49 [INFO]: [Function: SimpleConversationalBot.js/on_agent_transfer] [Line: C:\Kore AI\Automation AI\Tune Talk-Botkit Code Integration\SimpleConversationalBot.js:294] Agent Transfer sessionId : 6791d6e838e71a5f9d12ab2d
2025-01-23 11:15:49 [INFO]: [Function: SimpleConversationalBot.js/on_agent_transfer] [Line: C:\Kore AI\Automation AI\Tune Talk-Botkit Code Integration\SimpleConversationalBot.js:309] request from RTM channel
2025-01-23 11:15:49 [INFO]: [Function: Apis.js/initiateChat] [Line: C:\Kore AI\Automation AI\Tune Talk-Botkit Code Integration\Apis.js:91] initiating Chat with agent : [object Object]
2025-01-23 11:15:49 [INFO]: [Function: Apis.js/gethistory] [Line: C:\Kore AI\Automation AI\Tune Talk-Botkit Code Integration\Apis.js:355] Fetching Chat History of SessionId: 6791d6e838e71a5f9d12ab2d
2025-01-23 11:15:51 [INFO]: [Function: Apis.js/initiateChat] [Line: C:\Kore AI\Automation AI\Tune Talk-Botkit Code Integration\Apis.js:179] Chat initiated successfully | statuscode: 201
2025-01-23 11:16:22 [INFO]: [Function: SimpleConversationalBot.js/getAgentMessage] [Line: C:\Kore AI\Automation AI\Tune Talk-Botkit Code Integration\SimpleConversationalBot.js:389] Received agent message: [object Object]
2025-01-23 11:16:22 [INFO]: [Function: SimpleConversationalBot.js/getAgentMessage] [Line: C:\Kore AI\Automation AI\Tune Talk-Botkit Code Integration\SimpleConversationalBot.js:456] Sending agent message to Web Channel user ID: u-d45e5c39-2c44-51b0-9237-889117c6c6be
2025-01-23 11:16:22 [INFO]: [Function: SimpleConversationalBot.js/getAgentMessage] [Line: C:\Kore AI\Automation AI\Tune Talk-Botkit Code Integration\SimpleConversationalBot.js:460] Agent message sent to Web Channel | statuscode: 200
2025-01-23 11:16:22 [INFO]: [Function: SimpleConversationalBot.js/getAgentMessage] [Line: C:\Kore AI\Automation AI\Tune Talk-Botkit Code Integration\SimpleConversationalBot.js:389] Received agent message: [object Object]
2025-01-23 11:17:31 [INFO]: [Function: unknown] [Line: C:\Kore AI\Automation AI\Tune Talk-Botkit Code Integration\lib\server\index.js:63] app listening at http://%s:%s :: 8003
2025-01-23 11:17:47 [INFO]: [Function: SimpleConversationalBot.js/on_user_message] [Line: C:\Kore AI\Automation AI\Tune Talk-Botkit Code Integration\SimpleConversationalBot.js:24] User Message: undefined
2025-01-23 11:17:47 [INFO]: [Function: SimpleConversationalBot.js/on_user_message] [Line: C:\Kore AI\Automation AI\Tune Talk-Botkit Code Integration\SimpleConversationalBot.js:54] Agent Transfer is True , Chat Intiated False
2025-01-23 11:17:47 [INFO]: [Function: SimpleConversationalBot.js/on_agent_transfer] [Line: C:\Kore AI\Automation AI\Tune Talk-Botkit Code Integration\SimpleConversationalBot.js:294] Agent Transfer sessionId : 6791d6e838e71a5f9d12ab2d
2025-01-23 11:17:47 [INFO]: [Function: SimpleConversationalBot.js/on_agent_transfer] [Line: C:\Kore AI\Automation AI\Tune Talk-Botkit Code Integration\SimpleConversationalBot.js:309] request from RTM channel
2025-01-23 11:17:47 [INFO]: [Function: Apis.js/initiateChat] [Line: C:\Kore AI\Automation AI\Tune Talk-Botkit Code Integration\Apis.js:91] initiating Chat with agent : [object Object]
2025-01-23 11:17:47 [INFO]: [Function: Apis.js/gethistory] [Line: C:\Kore AI\Automation AI\Tune Talk-Botkit Code Integration\Apis.js:355] Fetching Chat History of SessionId: 6791d6e838e71a5f9d12ab2d
2025-01-23 11:17:49 [INFO]: [Function: Apis.js/initiateChat] [Line: C:\Kore AI\Automation AI\Tune Talk-Botkit Code Integration\Apis.js:179] Chat initiated successfully | statuscode: 201
2025-01-23 11:18:27 [INFO]: [Function: SimpleConversationalBot.js/on_user_message] [Line: C:\Kore AI\Automation AI\Tune Talk-Botkit Code Integration\SimpleConversationalBot.js:24] User Message: undefined
2025-01-23 11:18:27 [INFO]: [Function: SimpleConversationalBot.js/on_user_message] [Line: C:\Kore AI\Automation AI\Tune Talk-Botkit Code Integration\SimpleConversationalBot.js:59] Agent Transfer is True, Chat Intiated True
2025-01-23 11:18:56 [INFO]: [Function: unknown] [Line: C:\Kore AI\Automation AI\Tune Talk-Botkit Code Integration\lib\server\index.js:63] app listening at http://%s:%s :: 8003
2025-01-23 11:19:06 [INFO]: [Function: SimpleConversationalBot.js/on_user_message] [Line: C:\Kore AI\Automation AI\Tune Talk-Botkit Code Integration\SimpleConversationalBot.js:24] User Message: undefined
2025-01-23 11:19:06 [INFO]: [Function: SimpleConversationalBot.js/on_user_message] [Line: C:\Kore AI\Automation AI\Tune Talk-Botkit Code Integration\SimpleConversationalBot.js:54] Agent Transfer is True , Chat Intiated False
2025-01-23 11:19:06 [INFO]: [Function: SimpleConversationalBot.js/on_agent_transfer] [Line: C:\Kore AI\Automation AI\Tune Talk-Botkit Code Integration\SimpleConversationalBot.js:294] Agent Transfer sessionId : 6791d6e838e71a5f9d12ab2d
2025-01-23 11:19:06 [INFO]: [Function: SimpleConversationalBot.js/on_agent_transfer] [Line: C:\Kore AI\Automation AI\Tune Talk-Botkit Code Integration\SimpleConversationalBot.js:309] request from RTM channel
2025-01-23 11:19:06 [INFO]: [Function: Apis.js/initiateChat] [Line: C:\Kore AI\Automation AI\Tune Talk-Botkit Code Integration\Apis.js:91] initiating Chat with agent : [object Object]
2025-01-23 11:19:06 [INFO]: [Function: Apis.js/gethistory] [Line: C:\Kore AI\Automation AI\Tune Talk-Botkit Code Integration\Apis.js:355] Fetching Chat History of SessionId: 6791d6e838e71a5f9d12ab2d
2025-01-23 11:19:11 [INFO]: [Function: SimpleConversationalBot.js/on_user_message] [Line: C:\Kore AI\Automation AI\Tune Talk-Botkit Code Integration\SimpleConversationalBot.js:24] User Message: hi
2025-01-23 11:19:11 [INFO]: [Function: SimpleConversationalBot.js/on_user_message] [Line: C:\Kore AI\Automation AI\Tune Talk-Botkit Code Integration\SimpleConversationalBot.js:54] Agent Transfer is True , Chat Intiated False
2025-01-23 11:19:12 [INFO]: [Function: SimpleConversationalBot.js/on_agent_transfer] [Line: C:\Kore AI\Automation AI\Tune Talk-Botkit Code Integration\SimpleConversationalBot.js:294] Agent Transfer sessionId : 6791d6e838e71a5f9d12ab2d
2025-01-23 11:19:12 [INFO]: [Function: SimpleConversationalBot.js/on_agent_transfer] [Line: C:\Kore AI\Automation AI\Tune Talk-Botkit Code Integration\SimpleConversationalBot.js:309] request from RTM channel
2025-01-23 11:19:12 [INFO]: [Function: Apis.js/initiateChat] [Line: C:\Kore AI\Automation AI\Tune Talk-Botkit Code Integration\Apis.js:91] initiating Chat with agent : [object Object]
2025-01-23 11:19:12 [INFO]: [Function: Apis.js/gethistory] [Line: C:\Kore AI\Automation AI\Tune Talk-Botkit Code Integration\Apis.js:355] Fetching Chat History of SessionId: 6791d6e838e71a5f9d12ab2d
2025-01-23 11:19:15 [INFO]: [Function: SimpleConversationalBot.js/on_user_message] [Line: C:\Kore AI\Automation AI\Tune Talk-Botkit Code Integration\SimpleConversationalBot.js:24] User Message: hi
2025-01-23 11:19:15 [INFO]: [Function: SimpleConversationalBot.js/on_user_message] [Line: C:\Kore AI\Automation AI\Tune Talk-Botkit Code Integration\SimpleConversationalBot.js:54] Agent Transfer is True , Chat Intiated False
2025-01-23 11:19:15 [INFO]: [Function: SimpleConversationalBot.js/on_agent_transfer] [Line: C:\Kore AI\Automation AI\Tune Talk-Botkit Code Integration\SimpleConversationalBot.js:294] Agent Transfer sessionId : 6791d6e838e71a5f9d12ab2d
2025-01-23 11:19:15 [INFO]: [Function: SimpleConversationalBot.js/on_agent_transfer] [Line: C:\Kore AI\Automation AI\Tune Talk-Botkit Code Integration\SimpleConversationalBot.js:309] request from RTM channel
2025-01-23 11:19:15 [INFO]: [Function: Apis.js/initiateChat] [Line: C:\Kore AI\Automation AI\Tune Talk-Botkit Code Integration\Apis.js:91] initiating Chat with agent : [object Object]
2025-01-23 11:19:15 [INFO]: [Function: Apis.js/gethistory] [Line: C:\Kore AI\Automation AI\Tune Talk-Botkit Code Integration\Apis.js:355] Fetching Chat History of SessionId: 6791d6e838e71a5f9d12ab2d
2025-01-23 11:19:18 [INFO]: [Function: Apis.js/initiateChat] [Line: C:\Kore AI\Automation AI\Tune Talk-Botkit Code Integration\Apis.js:179] Chat initiated successfully | statuscode: 201
2025-01-23 11:19:18 [INFO]: [Function: Apis.js/initiateChat] [Line: C:\Kore AI\Automation AI\Tune Talk-Botkit Code Integration\Apis.js:179] Chat initiated successfully | statuscode: 201
2025-01-23 11:19:18 [INFO]: [Function: Apis.js/initiateChat] [Line: C:\Kore AI\Automation AI\Tune Talk-Botkit Code Integration\Apis.js:179] Chat initiated successfully | statuscode: 201
2025-01-23 11:19:30 [INFO]: [Function: SimpleConversationalBot.js/getAgentMessage] [Line: C:\Kore AI\Automation AI\Tune Talk-Botkit Code Integration\SimpleConversationalBot.js:389] Received agent message: [object Object]
2025-01-23 11:19:30 [INFO]: [Function: SimpleConversationalBot.js/getAgentMessage] [Line: C:\Kore AI\Automation AI\Tune Talk-Botkit Code Integration\SimpleConversationalBot.js:419] chat closed
2025-01-23 11:19:30 [INFO]: [Function: SimpleConversationalBot.js/getAgentMessage] [Line: C:\Kore AI\Automation AI\Tune Talk-Botkit Code Integration\SimpleConversationalBot.js:433] Chat session ended successfully | statuscode: 200
2025-01-23 11:19:31 [INFO]: [Function: SimpleConversationalBot.js/getAgentMessage] [Line: C:\Kore AI\Automation AI\Tune Talk-Botkit Code Integration\SimpleConversationalBot.js:389] Received agent message: [object Object]
2025-01-23 11:19:52 [INFO]: [Function: unknown] [Line: C:\Kore AI\Automation AI\Tune Talk-Botkit Code Integration\lib\server\index.js:63] app listening at http://%s:%s :: 8003
2025-01-23 11:19:56 [INFO]: [Function: SimpleConversationalBot.js/on_user_message] [Line: C:\Kore AI\Automation AI\Tune Talk-Botkit Code Integration\SimpleConversationalBot.js:24] User Message: hi
2025-01-23 11:19:56 [INFO]: [Function: SimpleConversationalBot.js/on_user_message] [Line: C:\Kore AI\Automation AI\Tune Talk-Botkit Code Integration\SimpleConversationalBot.js:43] Agent Transfer Status is False - Forwarding MSG to Bot
2025-01-23 11:19:57 [INFO]: [Function: SimpleConversationalBot.js/on_bot_message] [Line: C:\Kore AI\Automation AI\Tune Talk-Botkit Code Integration\SimpleConversationalBot.js:92] Bot Message: Hey :)
2025-01-23 11:20:53 [INFO]: [Function: SimpleConversationalBot.js/on_user_message] [Line: C:\Kore AI\Automation AI\Tune Talk-Botkit Code Integration\SimpleConversationalBot.js:24] User Message: how are you
2025-01-23 11:20:53 [INFO]: [Function: SimpleConversationalBot.js/on_user_message] [Line: C:\Kore AI\Automation AI\Tune Talk-Botkit Code Integration\SimpleConversationalBot.js:43] Agent Transfer Status is False - Forwarding MSG to Bot
2025-01-23 11:20:55 [INFO]: [Function: SimpleConversationalBot.js/on_bot_message] [Line: C:\Kore AI\Automation AI\Tune Talk-Botkit Code Integration\SimpleConversationalBot.js:92] Bot Message: I'm good. Thank you.
2025-01-23 11:21:16 [INFO]: [Function: SimpleConversationalBot.js/getWhatsAppMessage] [Line: C:\Kore AI\Automation AI\Tune Talk-Botkit Code Integration\SimpleConversationalBot.js:139] Getting Whatsapp Messages
2025-01-23 11:21:16 [INFO]: [Function: Apis.js/getValidToken] [Line: C:\Kore AI\Automation AI\Tune Talk-Botkit Code Integration\Apis.js:49] retrieving new token for authentication.
2025-01-23 11:21:16 [INFO]: [Function: Apis.js/getAccessToken] [Line: C:\Kore AI\Automation AI\Tune Talk-Botkit Code Integration\Apis.js:13] Generating new access token
2025-01-23 11:21:16 [INFO]: [Function: SimpleConversationalBot.js/getWhatsAppMessage] [Line: C:\Kore AI\Automation AI\Tune Talk-Botkit Code Integration\SimpleConversationalBot.js:194] Message processed successfully | statuscode: 200
2025-01-23 11:21:28 [INFO]: [Function: SimpleConversationalBot.js/on_user_message] [Line: C:\Kore AI\Automation AI\Tune Talk-Botkit Code Integration\SimpleConversationalBot.js:24] User Message: Hi
2025-01-23 11:21:28 [INFO]: [Function: SimpleConversationalBot.js/on_user_message] [Line: C:\Kore AI\Automation AI\Tune Talk-Botkit Code Integration\SimpleConversationalBot.js:43] Agent Transfer Status is False - Forwarding MSG to Bot
2025-01-23 11:21:30 [INFO]: [Function: SimpleConversationalBot.js/on_bot_message] [Line: C:\Kore AI\Automation AI\Tune Talk-Botkit Code Integration\SimpleConversationalBot.js:92] Bot Message: Hey :)
2025-01-23 11:21:30 [INFO]: [Function: Apis.js/sendResponseToWABA] [Line: C:\Kore AI\Automation AI\Tune Talk-Botkit Code Integration\Apis.js:249] Sending response to WABA user 
2025-01-23 11:21:31 [INFO]: [Function: Apis.js/sendResponseToWABA] [Line: C:\Kore AI\Automation AI\Tune Talk-Botkit Code Integration\Apis.js:327] Response sent to WABA
2025-01-23 11:21:32 [INFO]: [Function: SimpleConversationalBot.js/getWhatsAppMessage] [Line: C:\Kore AI\Automation AI\Tune Talk-Botkit Code Integration\SimpleConversationalBot.js:139] Getting Whatsapp Messages
2025-01-23 11:21:32 [WARN]: [Function: SimpleConversationalBot.js/getWhatsAppMessage] [Line: C:\Kore AI\Automation AI\Tune Talk-Botkit Code Integration\SimpleConversationalBot.js:159] No messages found in the changes array | statuscode: 400 | Bad Request
2025-01-23 11:21:32 [INFO]: [Function: SimpleConversationalBot.js/getWhatsAppMessage] [Line: C:\Kore AI\Automation AI\Tune Talk-Botkit Code Integration\SimpleConversationalBot.js:139] Getting Whatsapp Messages
2025-01-23 11:21:32 [WARN]: [Function: SimpleConversationalBot.js/getWhatsAppMessage] [Line: C:\Kore AI\Automation AI\Tune Talk-Botkit Code Integration\SimpleConversationalBot.js:159] No messages found in the changes array | statuscode: 400 | Bad Request
2025-01-23 11:21:48 [INFO]: [Function: SimpleConversationalBot.js/getWhatsAppMessage] [Line: C:\Kore AI\Automation AI\Tune Talk-Botkit Code Integration\SimpleConversationalBot.js:139] Getting Whatsapp Messages
2025-01-23 11:21:48 [INFO]: [Function: Apis.js/getValidToken] [Line: C:\Kore AI\Automation AI\Tune Talk-Botkit Code Integration\Apis.js:45] retrieving cached token for authentication.
2025-01-23 11:21:48 [INFO]: [Function: SimpleConversationalBot.js/getWhatsAppMessage] [Line: C:\Kore AI\Automation AI\Tune Talk-Botkit Code Integration\SimpleConversationalBot.js:194] Message processed successfully | statuscode: 200
2025-01-23 11:21:49 [INFO]: [Function: SimpleConversationalBot.js/on_user_message] [Line: C:\Kore AI\Automation AI\Tune Talk-Botkit Code Integration\SimpleConversationalBot.js:24] User Message: What is the time
2025-01-23 11:21:49 [INFO]: [Function: SimpleConversationalBot.js/on_user_message] [Line: C:\Kore AI\Automation AI\Tune Talk-Botkit Code Integration\SimpleConversationalBot.js:43] Agent Transfer Status is False - Forwarding MSG to Bot
2025-01-23 11:21:51 [INFO]: [Function: SimpleConversationalBot.js/on_bot_message] [Line: C:\Kore AI\Automation AI\Tune Talk-Botkit Code Integration\SimpleConversationalBot.js:92] Bot Message: {"whatsappId":"7c63d140-8924-414e-998a-ef2993e74f28","to":"919391338107","interactive":{"type":"button","body":{"text":"I’m unable to provide the information you're looking for. Here are the options available to you , Please choose one to proceed:"},"action":{"buttons":[{"type":"reply","reply":{"id":"Connect With Agent","title":"Connect With Agent"}},{"type":"reply","reply":{"id":"Create Ticket","title":"Create Ticket"}}]}}}
2025-01-23 11:21:51 [INFO]: [Function: Apis.js/sendResponseToWABA] [Line: C:\Kore AI\Automation AI\Tune Talk-Botkit Code Integration\Apis.js:249] Sending response to WABA user 
2025-01-23 11:21:52 [INFO]: [Function: Apis.js/sendResponseToWABA] [Line: C:\Kore AI\Automation AI\Tune Talk-Botkit Code Integration\Apis.js:327] Response sent to WABA
2025-01-23 11:21:53 [INFO]: [Function: SimpleConversationalBot.js/getWhatsAppMessage] [Line: C:\Kore AI\Automation AI\Tune Talk-Botkit Code Integration\SimpleConversationalBot.js:139] Getting Whatsapp Messages
2025-01-23 11:21:53 [WARN]: [Function: SimpleConversationalBot.js/getWhatsAppMessage] [Line: C:\Kore AI\Automation AI\Tune Talk-Botkit Code Integration\SimpleConversationalBot.js:159] No messages found in the changes array | statuscode: 400 | Bad Request
2025-01-23 11:21:53 [INFO]: [Function: SimpleConversationalBot.js/getWhatsAppMessage] [Line: C:\Kore AI\Automation AI\Tune Talk-Botkit Code Integration\SimpleConversationalBot.js:139] Getting Whatsapp Messages
2025-01-23 11:21:53 [WARN]: [Function: SimpleConversationalBot.js/getWhatsAppMessage] [Line: C:\Kore AI\Automation AI\Tune Talk-Botkit Code Integration\SimpleConversationalBot.js:159] No messages found in the changes array | statuscode: 400 | Bad Request
2025-01-23 11:22:22 [INFO]: [Function: SimpleConversationalBot.js/getWhatsAppMessage] [Line: C:\Kore AI\Automation AI\Tune Talk-Botkit Code Integration\SimpleConversationalBot.js:139] Getting Whatsapp Messages
2025-01-23 11:22:22 [INFO]: [Function: Apis.js/getValidToken] [Line: C:\Kore AI\Automation AI\Tune Talk-Botkit Code Integration\Apis.js:45] retrieving cached token for authentication.
2025-01-23 11:22:22 [INFO]: [Function: SimpleConversationalBot.js/getWhatsAppMessage] [Line: C:\Kore AI\Automation AI\Tune Talk-Botkit Code Integration\SimpleConversationalBot.js:194] Message processed successfully | statuscode: 200
2025-01-23 11:22:23 [INFO]: [Function: SimpleConversationalBot.js/on_user_message] [Line: C:\Kore AI\Automation AI\Tune Talk-Botkit Code Integration\SimpleConversationalBot.js:24] User Message: Connect With Agent
2025-01-23 11:22:23 [INFO]: [Function: SimpleConversationalBot.js/on_user_message] [Line: C:\Kore AI\Automation AI\Tune Talk-Botkit Code Integration\SimpleConversationalBot.js:43] Agent Transfer Status is False - Forwarding MSG to Bot
2025-01-23 11:22:24 [INFO]: [Function: SimpleConversationalBot.js/on_agent_transfer] [Line: C:\Kore AI\Automation AI\Tune Talk-Botkit Code Integration\SimpleConversationalBot.js:294] Agent Transfer sessionId : 6791d8dfc1265617cf715702
2025-01-23 11:22:24 [INFO]: [Function: SimpleConversationalBot.js/on_agent_transfer] [Line: C:\Kore AI\Automation AI\Tune Talk-Botkit Code Integration\SimpleConversationalBot.js:329] request from whatsapp channel
2025-01-23 11:22:24 [INFO]: [Function: Apis.js/getValidToken] [Line: C:\Kore AI\Automation AI\Tune Talk-Botkit Code Integration\Apis.js:45] retrieving cached token for authentication.
2025-01-23 11:22:24 [INFO]: [Function: Apis.js/sendResponseToWABA] [Line: C:\Kore AI\Automation AI\Tune Talk-Botkit Code Integration\Apis.js:249] Sending response to WABA user 
2025-01-23 11:22:24 [INFO]: [Function: Apis.js/initiateChat] [Line: C:\Kore AI\Automation AI\Tune Talk-Botkit Code Integration\Apis.js:91] initiating Chat with agent : [object Object]
2025-01-23 11:22:24 [INFO]: [Function: Apis.js/gethistory] [Line: C:\Kore AI\Automation AI\Tune Talk-Botkit Code Integration\Apis.js:355] Fetching Chat History of SessionId: 6791d8dfc1265617cf715702
2025-01-23 11:22:25 [INFO]: [Function: Apis.js/initiateChat] [Line: C:\Kore AI\Automation AI\Tune Talk-Botkit Code Integration\Apis.js:179] Chat initiated successfully | statuscode: 201
2025-01-23 11:22:25 [INFO]: [Function: Apis.js/sendResponseToWABA] [Line: C:\Kore AI\Automation AI\Tune Talk-Botkit Code Integration\Apis.js:327] Response sent to WABA
2025-01-23 11:22:25 [INFO]: [Function: Apis.js/sendResponseToWABA] [Line: C:\Kore AI\Automation AI\Tune Talk-Botkit Code Integration\Apis.js:329] Message processed and response sent to WABA successfully
2025-01-23 11:22:26 [INFO]: [Function: SimpleConversationalBot.js/getWhatsAppMessage] [Line: C:\Kore AI\Automation AI\Tune Talk-Botkit Code Integration\SimpleConversationalBot.js:139] Getting Whatsapp Messages
2025-01-23 11:22:26 [WARN]: [Function: SimpleConversationalBot.js/getWhatsAppMessage] [Line: C:\Kore AI\Automation AI\Tune Talk-Botkit Code Integration\SimpleConversationalBot.js:159] No messages found in the changes array | statuscode: 400 | Bad Request
2025-01-23 11:22:26 [INFO]: [Function: SimpleConversationalBot.js/getWhatsAppMessage] [Line: C:\Kore AI\Automation AI\Tune Talk-Botkit Code Integration\SimpleConversationalBot.js:139] Getting Whatsapp Messages
2025-01-23 11:22:26 [WARN]: [Function: SimpleConversationalBot.js/getWhatsAppMessage] [Line: C:\Kore AI\Automation AI\Tune Talk-Botkit Code Integration\SimpleConversationalBot.js:159] No messages found in the changes array | statuscode: 400 | Bad Request
2025-01-23 11:22:32 [INFO]: [Function: SimpleConversationalBot.js/getAgentMessage] [Line: C:\Kore AI\Automation AI\Tune Talk-Botkit Code Integration\SimpleConversationalBot.js:389] Received agent message: [object Object]
2025-01-23 11:22:32 [INFO]: [Function: SimpleConversationalBot.js/getAgentMessage] [Line: C:\Kore AI\Automation AI\Tune Talk-Botkit Code Integration\SimpleConversationalBot.js:465] Sending agent message to WhatsApp Channel user u-992bc669-6c4b-5c6d-8b16-5dfeb2f0f93d
2025-01-23 11:22:32 [INFO]: [Function: Apis.js/getAccessToken] [Line: C:\Kore AI\Automation AI\Tune Talk-Botkit Code Integration\Apis.js:13] Generating new access token
2025-01-23 11:22:33 [INFO]: [Function: Apis.js/sendResponseToWABA] [Line: C:\Kore AI\Automation AI\Tune Talk-Botkit Code Integration\Apis.js:249] Sending response to WABA user 
2025-01-23 11:22:33 [INFO]: [Function: SimpleConversationalBot.js/getAgentMessage] [Line: unknown] Agent message sent to WhatsApp Channel | statuscode: 200
2025-01-23 11:22:33 [INFO]: [Function: SimpleConversationalBot.js/getAgentMessage] [Line: C:\Kore AI\Automation AI\Tune Talk-Botkit Code Integration\SimpleConversationalBot.js:389] Received agent message: [object Object]
2025-01-23 11:22:33 [INFO]: [Function: SimpleConversationalBot.js/getAgentMessage] [Line: C:\Kore AI\Automation AI\Tune Talk-Botkit Code Integration\SimpleConversationalBot.js:465] Sending agent message to WhatsApp Channel user u-992bc669-6c4b-5c6d-8b16-5dfeb2f0f93d
2025-01-23 11:22:33 [INFO]: [Function: Apis.js/getAccessToken] [Line: C:\Kore AI\Automation AI\Tune Talk-Botkit Code Integration\Apis.js:13] Generating new access token
2025-01-23 11:22:34 [INFO]: [Function: Apis.js/sendResponseToWABA] [Line: C:\Kore AI\Automation AI\Tune Talk-Botkit Code Integration\Apis.js:249] Sending response to WABA user 
2025-01-23 11:22:34 [INFO]: [Function: SimpleConversationalBot.js/getAgentMessage] [Line: unknown] Agent message sent to WhatsApp Channel | statuscode: 200
2025-01-23 11:22:34 [INFO]: [Function: Apis.js/sendResponseToWABA] [Line: C:\Kore AI\Automation AI\Tune Talk-Botkit Code Integration\Apis.js:327] Response sent to WABA
2025-01-23 11:22:34 [INFO]: [Function: Apis.js/sendResponseToWABA] [Line: C:\Kore AI\Automation AI\Tune Talk-Botkit Code Integration\Apis.js:327] Response sent to WABA
2025-01-23 11:22:35 [INFO]: [Function: SimpleConversationalBot.js/getWhatsAppMessage] [Line: C:\Kore AI\Automation AI\Tune Talk-Botkit Code Integration\SimpleConversationalBot.js:139] Getting Whatsapp Messages
2025-01-23 11:22:35 [WARN]: [Function: SimpleConversationalBot.js/getWhatsAppMessage] [Line: C:\Kore AI\Automation AI\Tune Talk-Botkit Code Integration\SimpleConversationalBot.js:159] No messages found in the changes array | statuscode: 400 | Bad Request
2025-01-23 11:22:35 [INFO]: [Function: SimpleConversationalBot.js/getWhatsAppMessage] [Line: C:\Kore AI\Automation AI\Tune Talk-Botkit Code Integration\SimpleConversationalBot.js:139] Getting Whatsapp Messages
2025-01-23 11:22:35 [WARN]: [Function: SimpleConversationalBot.js/getWhatsAppMessage] [Line: C:\Kore AI\Automation AI\Tune Talk-Botkit Code Integration\SimpleConversationalBot.js:159] No messages found in the changes array | statuscode: 400 | Bad Request
2025-01-23 11:22:36 [INFO]: [Function: SimpleConversationalBot.js/getWhatsAppMessage] [Line: C:\Kore AI\Automation AI\Tune Talk-Botkit Code Integration\SimpleConversationalBot.js:139] Getting Whatsapp Messages
2025-01-23 11:22:36 [WARN]: [Function: SimpleConversationalBot.js/getWhatsAppMessage] [Line: C:\Kore AI\Automation AI\Tune Talk-Botkit Code Integration\SimpleConversationalBot.js:159] No messages found in the changes array | statuscode: 400 | Bad Request
2025-01-23 11:22:36 [INFO]: [Function: SimpleConversationalBot.js/getWhatsAppMessage] [Line: C:\Kore AI\Automation AI\Tune Talk-Botkit Code Integration\SimpleConversationalBot.js:139] Getting Whatsapp Messages
2025-01-23 11:22:36 [WARN]: [Function: SimpleConversationalBot.js/getWhatsAppMessage] [Line: C:\Kore AI\Automation AI\Tune Talk-Botkit Code Integration\SimpleConversationalBot.js:159] No messages found in the changes array | statuscode: 400 | Bad Request
2025-01-23 11:22:39 [ERROR]: [Function: SimpleConversationalBot.js/handleWABAtoKoreAndBack] [Line: C:\Kore AI\Automation AI\Tune Talk-Botkit Code Integration\SimpleConversationalBot.js:250] Kore.ai request failed with status code 504
2025-01-23 11:22:49 [INFO]: [Function: SimpleConversationalBot.js/getAgentMessage] [Line: C:\Kore AI\Automation AI\Tune Talk-Botkit Code Integration\SimpleConversationalBot.js:389] Received agent message: [object Object]
2025-01-23 11:22:49 [INFO]: [Function: SimpleConversationalBot.js/getAgentMessage] [Line: C:\Kore AI\Automation AI\Tune Talk-Botkit Code Integration\SimpleConversationalBot.js:465] Sending agent message to WhatsApp Channel user u-992bc669-6c4b-5c6d-8b16-5dfeb2f0f93d
2025-01-23 11:22:49 [INFO]: [Function: Apis.js/getAccessToken] [Line: C:\Kore AI\Automation AI\Tune Talk-Botkit Code Integration\Apis.js:13] Generating new access token
2025-01-23 11:22:49 [INFO]: [Function: Apis.js/sendResponseToWABA] [Line: C:\Kore AI\Automation AI\Tune Talk-Botkit Code Integration\Apis.js:249] Sending response to WABA user 
2025-01-23 11:22:49 [INFO]: [Function: SimpleConversationalBot.js/getAgentMessage] [Line: unknown] Agent message sent to WhatsApp Channel | statuscode: 200
2025-01-23 11:22:50 [INFO]: [Function: Apis.js/sendResponseToWABA] [Line: C:\Kore AI\Automation AI\Tune Talk-Botkit Code Integration\Apis.js:327] Response sent to WABA
2025-01-23 11:22:51 [INFO]: [Function: SimpleConversationalBot.js/getWhatsAppMessage] [Line: C:\Kore AI\Automation AI\Tune Talk-Botkit Code Integration\SimpleConversationalBot.js:139] Getting Whatsapp Messages
2025-01-23 11:22:51 [WARN]: [Function: SimpleConversationalBot.js/getWhatsAppMessage] [Line: C:\Kore AI\Automation AI\Tune Talk-Botkit Code Integration\SimpleConversationalBot.js:159] No messages found in the changes array | statuscode: 400 | Bad Request
2025-01-23 11:22:51 [INFO]: [Function: SimpleConversationalBot.js/getWhatsAppMessage] [Line: C:\Kore AI\Automation AI\Tune Talk-Botkit Code Integration\SimpleConversationalBot.js:139] Getting Whatsapp Messages
2025-01-23 11:22:51 [WARN]: [Function: SimpleConversationalBot.js/getWhatsAppMessage] [Line: C:\Kore AI\Automation AI\Tune Talk-Botkit Code Integration\SimpleConversationalBot.js:159] No messages found in the changes array | statuscode: 400 | Bad Request
2025-01-23 11:22:56 [INFO]: [Function: SimpleConversationalBot.js/getWhatsAppMessage] [Line: C:\Kore AI\Automation AI\Tune Talk-Botkit Code Integration\SimpleConversationalBot.js:139] Getting Whatsapp Messages
2025-01-23 11:22:56 [WARN]: [Function: SimpleConversationalBot.js/getWhatsAppMessage] [Line: C:\Kore AI\Automation AI\Tune Talk-Botkit Code Integration\SimpleConversationalBot.js:159] No messages found in the changes array | statuscode: 400 | Bad Request
2025-01-23 11:23:00 [INFO]: [Function: SimpleConversationalBot.js/getWhatsAppMessage] [Line: C:\Kore AI\Automation AI\Tune Talk-Botkit Code Integration\SimpleConversationalBot.js:139] Getting Whatsapp Messages
2025-01-23 11:23:00 [INFO]: [Function: Apis.js/getValidToken] [Line: C:\Kore AI\Automation AI\Tune Talk-Botkit Code Integration\Apis.js:45] retrieving cached token for authentication.
2025-01-23 11:23:00 [INFO]: [Function: SimpleConversationalBot.js/getWhatsAppMessage] [Line: C:\Kore AI\Automation AI\Tune Talk-Botkit Code Integration\SimpleConversationalBot.js:194] Message processed successfully | statuscode: 200
2025-01-23 11:23:01 [INFO]: [Function: SimpleConversationalBot.js/on_user_message] [Line: C:\Kore AI\Automation AI\Tune Talk-Botkit Code Integration\SimpleConversationalBot.js:24] User Message: Working fine
2025-01-23 11:23:01 [INFO]: [Function: SimpleConversationalBot.js/on_user_message] [Line: C:\Kore AI\Automation AI\Tune Talk-Botkit Code Integration\SimpleConversationalBot.js:59] Agent Transfer is True, Chat Intiated True
2025-01-23 11:23:01 [INFO]: [Function: Apis.js/addMessageToChat] [Line: C:\Kore AI\Automation AI\Tune Talk-Botkit Code Integration\Apis.js:199] Adding Message To Existing Chat for live chat agent
2025-01-23 11:23:01 [INFO]: [Function: Apis.js/addMessageToChat] [Line: C:\Kore AI\Automation AI\Tune Talk-Botkit Code Integration\Apis.js:232] Message added to chat successfully
2025-01-23 11:23:06 [INFO]: [Function: SimpleConversationalBot.js/getAgentMessage] [Line: C:\Kore AI\Automation AI\Tune Talk-Botkit Code Integration\SimpleConversationalBot.js:389] Received agent message: [object Object]
2025-01-23 11:23:06 [INFO]: [Function: SimpleConversationalBot.js/getAgentMessage] [Line: C:\Kore AI\Automation AI\Tune Talk-Botkit Code Integration\SimpleConversationalBot.js:465] Sending agent message to WhatsApp Channel user u-992bc669-6c4b-5c6d-8b16-5dfeb2f0f93d
2025-01-23 11:23:06 [INFO]: [Function: Apis.js/getAccessToken] [Line: C:\Kore AI\Automation AI\Tune Talk-Botkit Code Integration\Apis.js:13] Generating new access token
2025-01-23 11:23:06 [INFO]: [Function: Apis.js/sendResponseToWABA] [Line: C:\Kore AI\Automation AI\Tune Talk-Botkit Code Integration\Apis.js:249] Sending response to WABA user 
2025-01-23 11:23:06 [INFO]: [Function: SimpleConversationalBot.js/getAgentMessage] [Line: unknown] Agent message sent to WhatsApp Channel | statuscode: 200
2025-01-23 11:23:07 [INFO]: [Function: Apis.js/sendResponseToWABA] [Line: C:\Kore AI\Automation AI\Tune Talk-Botkit Code Integration\Apis.js:327] Response sent to WABA
2025-01-23 11:23:08 [INFO]: [Function: SimpleConversationalBot.js/getWhatsAppMessage] [Line: C:\Kore AI\Automation AI\Tune Talk-Botkit Code Integration\SimpleConversationalBot.js:139] Getting Whatsapp Messages
2025-01-23 11:23:08 [WARN]: [Function: SimpleConversationalBot.js/getWhatsAppMessage] [Line: C:\Kore AI\Automation AI\Tune Talk-Botkit Code Integration\SimpleConversationalBot.js:159] No messages found in the changes array | statuscode: 400 | Bad Request
2025-01-23 11:23:08 [INFO]: [Function: SimpleConversationalBot.js/getWhatsAppMessage] [Line: C:\Kore AI\Automation AI\Tune Talk-Botkit Code Integration\SimpleConversationalBot.js:139] Getting Whatsapp Messages
2025-01-23 11:23:08 [WARN]: [Function: SimpleConversationalBot.js/getWhatsAppMessage] [Line: C:\Kore AI\Automation AI\Tune Talk-Botkit Code Integration\SimpleConversationalBot.js:159] No messages found in the changes array | statuscode: 400 | Bad Request
2025-01-23 11:23:12 [INFO]: [Function: SimpleConversationalBot.js/getAgentMessage] [Line: C:\Kore AI\Automation AI\Tune Talk-Botkit Code Integration\SimpleConversationalBot.js:389] Received agent message: [object Object]
2025-01-23 11:23:12 [INFO]: [Function: SimpleConversationalBot.js/getAgentMessage] [Line: C:\Kore AI\Automation AI\Tune Talk-Botkit Code Integration\SimpleConversationalBot.js:419] chat closed
2025-01-23 11:23:12 [INFO]: [Function: Apis.js/getValidToken] [Line: C:\Kore AI\Automation AI\Tune Talk-Botkit Code Integration\Apis.js:45] retrieving cached token for authentication.
2025-01-23 11:23:12 [INFO]: [Function: Apis.js/sendResponseToWABA] [Line: C:\Kore AI\Automation AI\Tune Talk-Botkit Code Integration\Apis.js:249] Sending response to WABA user 
2025-01-23 11:23:12 [INFO]: [Function: SimpleConversationalBot.js/getAgentMessage] [Line: C:\Kore AI\Automation AI\Tune Talk-Botkit Code Integration\SimpleConversationalBot.js:449] Chat session ended successfully | statuscode: 200
2025-01-23 11:23:12 [INFO]: [Function: Apis.js/sendResponseToWABA] [Line: C:\Kore AI\Automation AI\Tune Talk-Botkit Code Integration\Apis.js:327] Response sent to WABA
2025-01-23 11:23:13 [INFO]: [Function: SimpleConversationalBot.js/getWhatsAppMessage] [Line: C:\Kore AI\Automation AI\Tune Talk-Botkit Code Integration\SimpleConversationalBot.js:139] Getting Whatsapp Messages
2025-01-23 11:23:13 [WARN]: [Function: SimpleConversationalBot.js/getWhatsAppMessage] [Line: C:\Kore AI\Automation AI\Tune Talk-Botkit Code Integration\SimpleConversationalBot.js:159] No messages found in the changes array | statuscode: 400 | Bad Request
2025-01-23 11:23:14 [INFO]: [Function: SimpleConversationalBot.js/getWhatsAppMessage] [Line: C:\Kore AI\Automation AI\Tune Talk-Botkit Code Integration\SimpleConversationalBot.js:139] Getting Whatsapp Messages
2025-01-23 11:23:14 [WARN]: [Function: SimpleConversationalBot.js/getWhatsAppMessage] [Line: C:\Kore AI\Automation AI\Tune Talk-Botkit Code Integration\SimpleConversationalBot.js:159] No messages found in the changes array | statuscode: 400 | Bad Request
2025-01-23 11:23:17 [ERROR]: [Function: SimpleConversationalBot.js/handleWABAtoKoreAndBack] [Line: C:\Kore AI\Automation AI\Tune Talk-Botkit Code Integration\SimpleConversationalBot.js:250] Kore.ai request failed with status code 504
2025-01-23 11:25:58 [INFO]: [Function: unknown] [Line: C:\Kore AI\Automation AI\Tune Talk-Botkit Code Integration\lib\server\index.js:63] app listening at http://%s:%s :: 8003
2025-01-23 11:26:21 [INFO]: [Function: SimpleConversationalBot.js/on_user_message] [Line: C:\Kore AI\Automation AI\Tune Talk-Botkit Code Integration\SimpleConversationalBot.js:24] User Message: undefined
2025-01-23 11:26:21 [INFO]: [Function: SimpleConversationalBot.js/on_user_message] [Line: C:\Kore AI\Automation AI\Tune Talk-Botkit Code Integration\SimpleConversationalBot.js:43] Agent Transfer Status is False - Forwarding MSG to Bot
2025-01-23 11:26:23 [INFO]: [Function: SimpleConversationalBot.js/on_bot_message] [Line: C:\Kore AI\Automation AI\Tune Talk-Botkit Code Integration\SimpleConversationalBot.js:92] Bot Message: {"type":"template","payload":{"template_type":"button","text":"Here are a few tasks I can assist you with. <br /> Please select one of the option below based on your preferences","subText":"Main Menu","buttons":[{"type":"postback","title":"Connect With Agent","payload":"Connect With Agent"},{"type":"postback","title":"Create Ticket","payload":"Create Ticket"}]}}
2025-01-23 11:26:48 [INFO]: [Function: SimpleConversationalBot.js/on_user_message] [Line: C:\Kore AI\Automation AI\Tune Talk-Botkit Code Integration\SimpleConversationalBot.js:24] User Message: Connect With Agent
2025-01-23 11:26:48 [INFO]: [Function: SimpleConversationalBot.js/on_user_message] [Line: C:\Kore AI\Automation AI\Tune Talk-Botkit Code Integration\SimpleConversationalBot.js:43] Agent Transfer Status is False - Forwarding MSG to Bot
2025-01-23 11:27:01 [INFO]: [Function: SimpleConversationalBot.js/on_agent_transfer] [Line: C:\Kore AI\Automation AI\Tune Talk-Botkit Code Integration\SimpleConversationalBot.js:294] Agent Transfer sessionId : 6791da03e318b80eb13204a2
2025-01-23 11:27:01 [INFO]: [Function: SimpleConversationalBot.js/on_agent_transfer] [Line: C:\Kore AI\Automation AI\Tune Talk-Botkit Code Integration\SimpleConversationalBot.js:309] request from RTM channel
2025-01-23 11:27:01 [INFO]: [Function: Apis.js/initiateChat] [Line: C:\Kore AI\Automation AI\Tune Talk-Botkit Code Integration\Apis.js:91] initiating Chat with agent : [object Object]
2025-01-23 11:27:01 [INFO]: [Function: Apis.js/gethistory] [Line: C:\Kore AI\Automation AI\Tune Talk-Botkit Code Integration\Apis.js:355] Fetching Chat History of SessionId: 6791da03e318b80eb13204a2
2025-01-23 11:27:03 [INFO]: [Function: Apis.js/initiateChat] [Line: C:\Kore AI\Automation AI\Tune Talk-Botkit Code Integration\Apis.js:179] Chat initiated successfully | statuscode: 201
2025-01-23 11:27:12 [INFO]: [Function: SimpleConversationalBot.js/getAgentMessage] [Line: C:\Kore AI\Automation AI\Tune Talk-Botkit Code Integration\SimpleConversationalBot.js:389] Received agent message: [object Object]
2025-01-23 11:27:12 [INFO]: [Function: SimpleConversationalBot.js/getAgentMessage] [Line: C:\Kore AI\Automation AI\Tune Talk-Botkit Code Integration\SimpleConversationalBot.js:456] Sending agent message to Web Channel user ID: u-d45e5c39-2c44-51b0-9237-889117c6c6be
2025-01-23 11:27:12 [INFO]: [Function: SimpleConversationalBot.js/getAgentMessage] [Line: C:\Kore AI\Automation AI\Tune Talk-Botkit Code Integration\SimpleConversationalBot.js:460] Agent message sent to Web Channel | statuscode: 200
2025-01-23 11:27:12 [INFO]: [Function: SimpleConversationalBot.js/getAgentMessage] [Line: C:\Kore AI\Automation AI\Tune Talk-Botkit Code Integration\SimpleConversationalBot.js:389] Received agent message: [object Object]
2025-01-23 11:27:12 [INFO]: [Function: SimpleConversationalBot.js/getAgentMessage] [Line: C:\Kore AI\Automation AI\Tune Talk-Botkit Code Integration\SimpleConversationalBot.js:456] Sending agent message to Web Channel user ID: u-d45e5c39-2c44-51b0-9237-889117c6c6be
2025-01-23 11:27:12 [INFO]: [Function: SimpleConversationalBot.js/getAgentMessage] [Line: C:\Kore AI\Automation AI\Tune Talk-Botkit Code Integration\SimpleConversationalBot.js:460] Agent message sent to Web Channel | statuscode: 200
2025-01-23 11:27:13 [INFO]: [Function: SimpleConversationalBot.js/getAgentMessage] [Line: C:\Kore AI\Automation AI\Tune Talk-Botkit Code Integration\SimpleConversationalBot.js:389] Received agent message: [object Object]
2025-01-23 11:30:07 [INFO]: [Function: unknown] [Line: C:\Kore AI\Automation AI\Tune Talk-Botkit Code Integration\lib\server\index.js:63] app listening at http://%s:%s :: 8003
2025-01-23 11:30:12 [INFO]: [Function: SimpleConversationalBot.js/on_user_message] [Line: C:\Kore AI\Automation AI\Tune Talk-Botkit Code Integration\SimpleConversationalBot.js:24] User Message: undefined
2025-01-23 11:30:12 [INFO]: [Function: SimpleConversationalBot.js/on_user_message] [Line: C:\Kore AI\Automation AI\Tune Talk-Botkit Code Integration\SimpleConversationalBot.js:43] Agent Transfer Status is False - Forwarding MSG to Bot
2025-01-23 11:30:14 [INFO]: [Function: SimpleConversationalBot.js/on_bot_message] [Line: C:\Kore AI\Automation AI\Tune Talk-Botkit Code Integration\SimpleConversationalBot.js:92] Bot Message: {"type":"template","payload":{"template_type":"button","text":"Here are a few tasks I can assist you with. <br /> Please select one of the option below based on your preferences","subText":"Main Menu","buttons":[{"type":"postback","title":"Connect With Agent","payload":"Connect With Agent"},{"type":"postback","title":"Create Ticket","payload":"Create Ticket"}]}}
2025-01-23 11:30:19 [INFO]: [Function: SimpleConversationalBot.js/on_user_message] [Line: C:\Kore AI\Automation AI\Tune Talk-Botkit Code Integration\SimpleConversationalBot.js:24] User Message: Connect With Agent
2025-01-23 11:30:19 [INFO]: [Function: SimpleConversationalBot.js/on_user_message] [Line: C:\Kore AI\Automation AI\Tune Talk-Botkit Code Integration\SimpleConversationalBot.js:43] Agent Transfer Status is False - Forwarding MSG to Bot
2025-01-23 11:30:21 [INFO]: [Function: SimpleConversationalBot.js/on_agent_transfer] [Line: C:\Kore AI\Automation AI\Tune Talk-Botkit Code Integration\SimpleConversationalBot.js:294] Agent Transfer sessionId : 6791daea80f0001240a3d1f3
2025-01-23 11:30:21 [INFO]: [Function: SimpleConversationalBot.js/on_agent_transfer] [Line: C:\Kore AI\Automation AI\Tune Talk-Botkit Code Integration\SimpleConversationalBot.js:309] request from RTM channel
2025-01-23 11:30:21 [INFO]: [Function: Apis.js/initiateChat] [Line: C:\Kore AI\Automation AI\Tune Talk-Botkit Code Integration\Apis.js:91] initiating Chat with agent : [object Object]
2025-01-23 11:30:21 [INFO]: [Function: Apis.js/gethistory] [Line: C:\Kore AI\Automation AI\Tune Talk-Botkit Code Integration\Apis.js:355] Fetching Chat History of SessionId: 6791daea80f0001240a3d1f3
2025-01-23 11:30:33 [INFO]: [Function: Apis.js/initiateChat] [Line: C:\Kore AI\Automation AI\Tune Talk-Botkit Code Integration\Apis.js:179] Chat initiated successfully | statuscode: 201
2025-01-23 11:30:33 [INFO]: [Function: SimpleConversationalBot.js/getAgentMessage] [Line: C:\Kore AI\Automation AI\Tune Talk-Botkit Code Integration\SimpleConversationalBot.js:389] Received agent message: [object Object]
2025-01-23 11:30:33 [INFO]: [Function: SimpleConversationalBot.js/getAgentMessage] [Line: C:\Kore AI\Automation AI\Tune Talk-Botkit Code Integration\SimpleConversationalBot.js:419] chat closed
2025-01-23 11:30:33 [INFO]: [Function: Apis.js/getValidToken] [Line: C:\Kore AI\Automation AI\Tune Talk-Botkit Code Integration\Apis.js:49] retrieving new token for authentication.
2025-01-23 11:30:33 [INFO]: [Function: Apis.js/getAccessToken] [Line: C:\Kore AI\Automation AI\Tune Talk-Botkit Code Integration\Apis.js:13] Generating new access token
2025-01-23 11:30:33 [ERROR]: [Function: SimpleConversationalBot.js/getAgentMessage] [Line: C:\Kore AI\Automation AI\Tune Talk-Botkit Code Integration\SimpleConversationalBot.js:481] Internal Server Error | statuscode: 500 | TypeError: Cannot read properties of undefined (reading 'baseUrl')
2025-01-23 11:30:34 [INFO]: [Function: Apis.js/sendResponseToWABA] [Line: C:\Kore AI\Automation AI\Tune Talk-Botkit Code Integration\Apis.js:249] Sending response to WABA user 
2025-01-23 11:30:34 [ERROR]: [Function: Apis.js/sendResponseToWABA] [Line: C:\Kore AI\Automation AI\Tune Talk-Botkit Code Integration\Apis.js:321] WABA request failed with status code 400
2025-01-23 11:30:42 [INFO]: [Function: SimpleConversationalBot.js/getAgentMessage] [Line: C:\Kore AI\Automation AI\Tune Talk-Botkit Code Integration\SimpleConversationalBot.js:389] Received agent message: [object Object]
2025-01-23 11:30:42 [INFO]: [Function: SimpleConversationalBot.js/getAgentMessage] [Line: C:\Kore AI\Automation AI\Tune Talk-Botkit Code Integration\SimpleConversationalBot.js:456] Sending agent message to Web Channel user ID: u-de6e614c-0541-50f3-97e7-f110fedce6a5
2025-01-23 11:30:42 [INFO]: [Function: SimpleConversationalBot.js/getAgentMessage] [Line: C:\Kore AI\Automation AI\Tune Talk-Botkit Code Integration\SimpleConversationalBot.js:460] Agent message sent to Web Channel | statuscode: 200
2025-01-23 11:30:42 [INFO]: [Function: SimpleConversationalBot.js/getAgentMessage] [Line: C:\Kore AI\Automation AI\Tune Talk-Botkit Code Integration\SimpleConversationalBot.js:389] Received agent message: [object Object]
2025-01-23 11:30:42 [INFO]: [Function: SimpleConversationalBot.js/getAgentMessage] [Line: C:\Kore AI\Automation AI\Tune Talk-Botkit Code Integration\SimpleConversationalBot.js:456] Sending agent message to Web Channel user ID: u-de6e614c-0541-50f3-97e7-f110fedce6a5
2025-01-23 11:30:42 [INFO]: [Function: SimpleConversationalBot.js/getAgentMessage] [Line: C:\Kore AI\Automation AI\Tune Talk-Botkit Code Integration\SimpleConversationalBot.js:460] Agent message sent to Web Channel | statuscode: 200
2025-01-23 11:30:43 [INFO]: [Function: SimpleConversationalBot.js/getAgentMessage] [Line: C:\Kore AI\Automation AI\Tune Talk-Botkit Code Integration\SimpleConversationalBot.js:389] Received agent message: [object Object]
2025-01-23 11:48:47 [INFO]: [Function: unknown] [Line: C:\Kore AI\Automation AI\Tune Talk-Botkit Code Integration\lib\server\index.js:63] app listening at http://%s:%s :: 8004
2025-01-23 11:49:00 [INFO]: [Function: SimpleConversationalBot.js/on_user_message] [Line: C:\Kore AI\Automation AI\Tune Talk-Botkit Code Integration\SimpleConversationalBot.js:24] User Message: undefined
2025-01-23 11:49:00 [INFO]: [Function: SimpleConversationalBot.js/on_user_message] [Line: C:\Kore AI\Automation AI\Tune Talk-Botkit Code Integration\SimpleConversationalBot.js:43] Agent Transfer Status is False - Forwarding MSG to Bot
2025-01-23 11:49:03 [INFO]: [Function: SimpleConversationalBot.js/on_bot_message] [Line: C:\Kore AI\Automation AI\Tune Talk-Botkit Code Integration\SimpleConversationalBot.js:92] Bot Message: {"type":"template","payload":{"template_type":"button","text":"Here are a few tasks I can assist you with. <br /> Please select one of the option below based on your preferences","subText":"Main Menu","buttons":[{"type":"postback","title":"Connect With Agent","payload":"Connect With Agent"},{"type":"postback","title":"Create Ticket","payload":"Create Ticket"}]}}
2025-01-23 11:49:16 [INFO]: [Function: SimpleConversationalBot.js/on_user_message] [Line: C:\Kore AI\Automation AI\Tune Talk-Botkit Code Integration\SimpleConversationalBot.js:24] User Message: Connect With Agent
2025-01-23 11:49:16 [INFO]: [Function: SimpleConversationalBot.js/on_user_message] [Line: C:\Kore AI\Automation AI\Tune Talk-Botkit Code Integration\SimpleConversationalBot.js:43] Agent Transfer Status is False - Forwarding MSG to Bot
2025-01-23 11:49:18 [INFO]: [Function: SimpleConversationalBot.js/on_agent_transfer] [Line: C:\Kore AI\Automation AI\Tune Talk-Botkit Code Integration\SimpleConversationalBot.js:294] Agent Transfer sessionId : 6791df520e18430c72bdc763
2025-01-23 11:49:18 [INFO]: [Function: SimpleConversationalBot.js/on_agent_transfer] [Line: C:\Kore AI\Automation AI\Tune Talk-Botkit Code Integration\SimpleConversationalBot.js:309] request from RTM channel
2025-01-23 11:49:18 [INFO]: [Function: Apis.js/initiateChat] [Line: C:\Kore AI\Automation AI\Tune Talk-Botkit Code Integration\Apis.js:91] initiating Chat with agent : [object Object]
2025-01-23 11:49:18 [INFO]: [Function: Apis.js/gethistory] [Line: C:\Kore AI\Automation AI\Tune Talk-Botkit Code Integration\Apis.js:355] Fetching Chat History of SessionId: 6791df520e18430c72bdc763
2025-01-23 11:49:19 [INFO]: [Function: Apis.js/initiateChat] [Line: C:\Kore AI\Automation AI\Tune Talk-Botkit Code Integration\Apis.js:179] Chat initiated successfully | statuscode: 201
2025-01-23 11:49:23 [INFO]: [Function: SimpleConversationalBot.js/getAgentMessage] [Line: C:\Kore AI\Automation AI\Tune Talk-Botkit Code Integration\SimpleConversationalBot.js:389] Received agent message: [object Object]
2025-01-23 11:49:23 [INFO]: [Function: SimpleConversationalBot.js/getAgentMessage] [Line: C:\Kore AI\Automation AI\Tune Talk-Botkit Code Integration\SimpleConversationalBot.js:456] Sending agent message to Web Channel user ID: u-d45e5c39-2c44-51b0-9237-889117c6c6be
2025-01-23 11:49:23 [INFO]: [Function: SimpleConversationalBot.js/getAgentMessage] [Line: C:\Kore AI\Automation AI\Tune Talk-Botkit Code Integration\SimpleConversationalBot.js:460] Agent message sent to Web Channel | statuscode: 200
2025-01-23 11:49:23 [INFO]: [Function: SimpleConversationalBot.js/getAgentMessage] [Line: C:\Kore AI\Automation AI\Tune Talk-Botkit Code Integration\SimpleConversationalBot.js:389] Received agent message: [object Object]
2025-01-23 11:49:23 [INFO]: [Function: SimpleConversationalBot.js/getAgentMessage] [Line: C:\Kore AI\Automation AI\Tune Talk-Botkit Code Integration\SimpleConversationalBot.js:456] Sending agent message to Web Channel user ID: u-d45e5c39-2c44-51b0-9237-889117c6c6be
2025-01-23 11:49:23 [INFO]: [Function: SimpleConversationalBot.js/getAgentMessage] [Line: C:\Kore AI\Automation AI\Tune Talk-Botkit Code Integration\SimpleConversationalBot.js:460] Agent message sent to Web Channel | statuscode: 200
2025-01-23 11:49:23 [INFO]: [Function: SimpleConversationalBot.js/getAgentMessage] [Line: C:\Kore AI\Automation AI\Tune Talk-Botkit Code Integration\SimpleConversationalBot.js:389] Received agent message: [object Object]
