2025-01-22 10:57:10 [INFO]: [Function: unknown] app listening at http://%s:%s :: 8003
2025-01-22 10:57:24 [INFO]: [Function: SimpleConversationalBot.js/on_user_message] User Message: hi
2025-01-22 10:57:24 [INFO]: [Function: SimpleConversationalBot.js/on_user_message] Agent Transfer Status is False - Forwarding MSG to Bot
2025-01-22 10:57:37 [INFO]: [Function: SimpleConversationalBot.js/on_bot_message] Bot Message: Hi there! 
2025-01-22 11:02:58 [INFO]: [Function: unknown] app listening at http://%s:%s :: 8003
2025-01-22 11:03:07 [INFO]: [Function: SimpleConversationalBot.js/on_user_message] User Message: hello
2025-01-22 11:03:07 [INFO]: [Function: SimpleConversationalBot.js/on_user_message] Agent Transfer Status is False - Forwarding MSG to Bot
2025-01-22 11:03:08 [INFO]: [Function: SimpleConversationalBot.js/on_bot_message] Bot Message: Hello 
2025-01-22 11:08:38 [INFO]: [Function: SimpleConversationalBot.js/on_bot_message] Bot Message: I am closing our current conversation as I have not received any input from you. We can start over when you need.
2025-01-22 12:24:11 [INFO]: [Function: unknown] [Line: C:\Kore AI\Automation AI\Tune Talk-Botkit Code Copy\node_modules\readable-stream\lib\_stream_transform.js:166] app listening at http://%s:%s :: 8003
2025-01-22 12:24:44 [INFO]: [Function: SimpleConversationalBot.js/on_user_message] [Line: C:\Kore AI\Automation AI\Tune Talk-Botkit Code Copy\node_modules\readable-stream\lib\_stream_transform.js:166] User Message: hi
2025-01-22 12:24:44 [INFO]: [Function: SimpleConversationalBot.js/on_user_message] [Line: C:\Kore AI\Automation AI\Tune Talk-Botkit Code Copy\node_modules\readable-stream\lib\_stream_transform.js:166] Agent Transfer Status is False - Forwarding MSG to Bot
2025-01-22 12:24:46 [INFO]: [Function: SimpleConversationalBot.js/on_bot_message] [Line: C:\Kore AI\Automation AI\Tune Talk-Botkit Code Copy\node_modules\readable-stream\lib\_stream_transform.js:166] Bot Message: Hi! 
2025-01-22 12:27:08 [INFO]: [Function: unknown] [Line: C:\Kore AI\Automation AI\Tune Talk-Botkit Code Copy\logger.js:6] app listening at http://%s:%s :: 8003
2025-01-22 12:27:20 [INFO]: [Function: SimpleConversationalBot.js/on_user_message] [Line: C:\Kore AI\Automation AI\Tune Talk-Botkit Code Copy\logger.js:6] User Message: hi
2025-01-22 12:27:20 [INFO]: [Function: SimpleConversationalBot.js/on_user_message] [Line: C:\Kore AI\Automation AI\Tune Talk-Botkit Code Copy\logger.js:6] Agent Transfer Status is False - Forwarding MSG to Bot
2025-01-22 12:27:22 [INFO]: [Function: SimpleConversationalBot.js/on_bot_message] [Line: C:\Kore AI\Automation AI\Tune Talk-Botkit Code Copy\logger.js:6] Bot Message: Hello 
2025-01-22 12:29:30 [INFO]: [Function: unknown] [Line: C:\Kore AI\Automation AI\Tune Talk-Botkit Code Copy\lib\server\index.js:63] app listening at http://%s:%s :: 8003
2025-01-22 12:29:41 [INFO]: [Function: SimpleConversationalBot.js/on_user_message] [Line: C:\Kore AI\Automation AI\Tune Talk-Botkit Code Copy\SimpleConversationalBot.js:24] User Message: hi
2025-01-22 12:29:41 [INFO]: [Function: SimpleConversationalBot.js/on_user_message] [Line: C:\Kore AI\Automation AI\Tune Talk-Botkit Code Copy\SimpleConversationalBot.js:43] Agent Transfer Status is False - Forwarding MSG to Bot
2025-01-22 12:29:43 [INFO]: [Function: SimpleConversationalBot.js/on_bot_message] [Line: C:\Kore AI\Automation AI\Tune Talk-Botkit Code Copy\SimpleConversationalBot.js:92] Bot Message: Hello 
2025-01-22 12:35:39 [INFO]: [Function: SimpleConversationalBot.js/on_bot_message] [Line: C:\Kore AI\Automation AI\Tune Talk-Botkit Code Copy\SimpleConversationalBot.js:92] Bot Message: I am closing our current conversation as I have not received any input from you. We can start over when you need.
2025-01-22 17:53:05 [INFO]: [Function: unknown] [Line: C:\Kore AI\Automation AI\Tune Talk-Botkit Code Copy\lib\server\index.js:63] app listening at http://%s:%s :: 8003
2025-01-22 17:53:19 [INFO]: [Function: SimpleConversationalBot.js/on_user_message] [Line: C:\Kore AI\Automation AI\Tune Talk-Botkit Code Copy\SimpleConversationalBot.js:24] User Message: undefined
2025-01-22 17:53:19 [INFO]: [Function: SimpleConversationalBot.js/on_user_message] [Line: C:\Kore AI\Automation AI\Tune Talk-Botkit Code Copy\SimpleConversationalBot.js:43] Agent Transfer Status is False - Forwarding MSG to Bot
2025-01-22 17:53:21 [INFO]: [Function: SimpleConversationalBot.js/on_bot_message] [Line: C:\Kore AI\Automation AI\Tune Talk-Botkit Code Copy\SimpleConversationalBot.js:92] Bot Message: {"type":"template","payload":{"template_type":"button","text":"Here are a few tasks I can assist you with. <br /> Please select one of the option below based on your preferences","subText":"Main Menu","buttons":[{"type":"postback","title":"Connect With Agent","payload":"Connect With Agent"},{"type":"postback","title":"Create Ticket","payload":"Create Ticket"}]}}
2025-01-22 17:53:29 [INFO]: [Function: SimpleConversationalBot.js/on_user_message] [Line: C:\Kore AI\Automation AI\Tune Talk-Botkit Code Copy\SimpleConversationalBot.js:24] User Message: hi
2025-01-22 17:53:29 [INFO]: [Function: SimpleConversationalBot.js/on_user_message] [Line: C:\Kore AI\Automation AI\Tune Talk-Botkit Code Copy\SimpleConversationalBot.js:43] Agent Transfer Status is False - Forwarding MSG to Bot
2025-01-22 17:53:30 [INFO]: [Function: SimpleConversationalBot.js/on_bot_message] [Line: C:\Kore AI\Automation AI\Tune Talk-Botkit Code Copy\SimpleConversationalBot.js:92] Bot Message: Hello 
2025-01-22 17:53:38 [INFO]: [Function: SimpleConversationalBot.js/on_user_message] [Line: C:\Kore AI\Automation AI\Tune Talk-Botkit Code Copy\SimpleConversationalBot.js:24] User Message: I want to create ticket
2025-01-22 17:53:38 [INFO]: [Function: SimpleConversationalBot.js/on_user_message] [Line: C:\Kore AI\Automation AI\Tune Talk-Botkit Code Copy\SimpleConversationalBot.js:43] Agent Transfer Status is False - Forwarding MSG to Bot
2025-01-22 17:53:39 [INFO]: [Function: SimpleConversationalBot.js/on_bot_message] [Line: C:\Kore AI\Automation AI\Tune Talk-Botkit Code Copy\SimpleConversationalBot.js:92] Bot Message: Sure , I can help you create a support ticket. Please provide some details, and we'll get started.

2025-01-22 17:53:40 [INFO]: [Function: SimpleConversationalBot.js/on_bot_message] [Line: C:\Kore AI\Automation AI\Tune Talk-Botkit Code Copy\SimpleConversationalBot.js:92] Bot Message: May I have your full name, please?
2025-01-22 17:53:47 [INFO]: [Function: SimpleConversationalBot.js/on_user_message] [Line: C:\Kore AI\Automation AI\Tune Talk-Botkit Code Copy\SimpleConversationalBot.js:24] User Message: Dileep Kumar
2025-01-22 17:53:47 [INFO]: [Function: SimpleConversationalBot.js/on_user_message] [Line: C:\Kore AI\Automation AI\Tune Talk-Botkit Code Copy\SimpleConversationalBot.js:43] Agent Transfer Status is False - Forwarding MSG to Bot
2025-01-22 17:53:48 [INFO]: [Function: SimpleConversationalBot.js/on_bot_message] [Line: C:\Kore AI\Automation AI\Tune Talk-Botkit Code Copy\SimpleConversationalBot.js:92] Bot Message: Thank you, Dileep Kumar. Could you also provide your mobile number for further contact?
2025-01-22 17:54:04 [INFO]: [Function: SimpleConversationalBot.js/on_user_message] [Line: C:\Kore AI\Automation AI\Tune Talk-Botkit Code Copy\SimpleConversationalBot.js:24] User Message: 6305729270
2025-01-22 17:54:04 [INFO]: [Function: SimpleConversationalBot.js/on_user_message] [Line: C:\Kore AI\Automation AI\Tune Talk-Botkit Code Copy\SimpleConversationalBot.js:43] Agent Transfer Status is False - Forwarding MSG to Bot
2025-01-22 17:54:05 [INFO]: [Function: SimpleConversationalBot.js/on_bot_message] [Line: C:\Kore AI\Automation AI\Tune Talk-Botkit Code Copy\SimpleConversationalBot.js:92] Bot Message: Great! Now, could you briefly describe the issue you're facing?
2025-01-22 17:54:18 [INFO]: [Function: SimpleConversationalBot.js/on_user_message] [Line: C:\Kore AI\Automation AI\Tune Talk-Botkit Code Copy\SimpleConversationalBot.js:24] User Message: testing log files - use case
2025-01-22 17:54:18 [INFO]: [Function: SimpleConversationalBot.js/on_user_message] [Line: C:\Kore AI\Automation AI\Tune Talk-Botkit Code Copy\SimpleConversationalBot.js:43] Agent Transfer Status is False - Forwarding MSG to Bot
2025-01-22 17:54:19 [INFO]: [Function: SimpleConversationalBot.js/on_bot_message] [Line: C:\Kore AI\Automation AI\Tune Talk-Botkit Code Copy\SimpleConversationalBot.js:92] Bot Message: {"type":"template","payload":{"template_type":"quick_replies","text":"Thank you! Here are the details you provided:\n\nUserName: Dileep Kumar\nMobile Number: 6305729270\nDescription: testing log files - use case\nWould you like to confirm and proceed with  details provided ?","quick_replies":[{"content_type":"text","title":"Yes","payload":"Yes"},{"content_type":"text","title":"No","payload":"No"}]}}
2025-01-22 17:54:22 [INFO]: [Function: SimpleConversationalBot.js/on_user_message] [Line: C:\Kore AI\Automation AI\Tune Talk-Botkit Code Copy\SimpleConversationalBot.js:24] User Message: yes
2025-01-22 17:54:22 [INFO]: [Function: SimpleConversationalBot.js/on_user_message] [Line: C:\Kore AI\Automation AI\Tune Talk-Botkit Code Copy\SimpleConversationalBot.js:43] Agent Transfer Status is False - Forwarding MSG to Bot
2025-01-22 17:54:23 [INFO]: [Function: SimpleConversationalBot.js/on_bot_message] [Line: C:\Kore AI\Automation AI\Tune Talk-Botkit Code Copy\SimpleConversationalBot.js:92] Bot Message: Great! I'm creating your support ticket for you. Please hold on for a moment...
2025-01-22 17:54:38 [INFO]: [Function: SimpleConversationalBot.js/on_bot_message] [Line: C:\Kore AI\Automation AI\Tune Talk-Botkit Code Copy\SimpleConversationalBot.js:92] Bot Message: Your support ticket has been created successfully! Your Ticket number is #*TT778063*.  
Our support team will contact you soon at 6305729270. 
2025-01-22 18:02:50 [INFO]: [Function: SimpleConversationalBot.js/getWhatsAppMessage] [Line: C:\Kore AI\Automation AI\Tune Talk-Botkit Code Copy\SimpleConversationalBot.js:139] Getting Whatsapp Messages
2025-01-22 18:02:50 [INFO]: [Function: Apis.js/getValidToken] [Line: C:\Kore AI\Automation AI\Tune Talk-Botkit Code Copy\Apis.js:49] retrieving new token for authentication.
2025-01-22 18:02:50 [INFO]: [Function: Apis.js/getAccessToken] [Line: C:\Kore AI\Automation AI\Tune Talk-Botkit Code Copy\Apis.js:13] Generating new access token
2025-01-22 18:02:50 [INFO]: [Function: SimpleConversationalBot.js/getWhatsAppMessage] [Line: C:\Kore AI\Automation AI\Tune Talk-Botkit Code Copy\SimpleConversationalBot.js:194] Message processed successfully | statuscode: 200
2025-01-22 18:02:52 [INFO]: [Function: SimpleConversationalBot.js/on_user_message] [Line: C:\Kore AI\Automation AI\Tune Talk-Botkit Code Copy\SimpleConversationalBot.js:24] User Message: Hi
2025-01-22 18:02:52 [INFO]: [Function: SimpleConversationalBot.js/on_user_message] [Line: C:\Kore AI\Automation AI\Tune Talk-Botkit Code Copy\SimpleConversationalBot.js:43] Agent Transfer Status is False - Forwarding MSG to Bot
2025-01-22 18:02:53 [INFO]: [Function: SimpleConversationalBot.js/on_bot_message] [Line: C:\Kore AI\Automation AI\Tune Talk-Botkit Code Copy\SimpleConversationalBot.js:92] Bot Message: Hey :)
2025-01-22 18:02:54 [INFO]: [Function: Apis.js/sendResponseToWABA] [Line: C:\Kore AI\Automation AI\Tune Talk-Botkit Code Copy\Apis.js:249] Sending response to WABA user 
2025-01-22 18:02:55 [INFO]: [Function: Apis.js/sendResponseToWABA] [Line: C:\Kore AI\Automation AI\Tune Talk-Botkit Code Copy\Apis.js:327] Response sent to WABA
2025-01-22 18:02:56 [INFO]: [Function: SimpleConversationalBot.js/getWhatsAppMessage] [Line: C:\Kore AI\Automation AI\Tune Talk-Botkit Code Copy\SimpleConversationalBot.js:139] Getting Whatsapp Messages
2025-01-22 18:02:56 [WARN]: [Function: SimpleConversationalBot.js/getWhatsAppMessage] [Line: C:\Kore AI\Automation AI\Tune Talk-Botkit Code Copy\SimpleConversationalBot.js:159] No messages found in the changes array | statuscode: 400 | Bad Request
2025-01-22 18:02:56 [INFO]: [Function: SimpleConversationalBot.js/getWhatsAppMessage] [Line: C:\Kore AI\Automation AI\Tune Talk-Botkit Code Copy\SimpleConversationalBot.js:139] Getting Whatsapp Messages
2025-01-22 18:02:56 [WARN]: [Function: SimpleConversationalBot.js/getWhatsAppMessage] [Line: C:\Kore AI\Automation AI\Tune Talk-Botkit Code Copy\SimpleConversationalBot.js:159] No messages found in the changes array | statuscode: 400 | Bad Request
2025-01-22 18:03:00 [INFO]: [Function: SimpleConversationalBot.js/on_bot_message] [Line: C:\Kore AI\Automation AI\Tune Talk-Botkit Code Copy\SimpleConversationalBot.js:92] Bot Message: I am closing our current conversation as I have not received any input from you. We can start over when you need.
2025-01-22 18:03:14 [INFO]: [Function: SimpleConversationalBot.js/getWhatsAppMessage] [Line: C:\Kore AI\Automation AI\Tune Talk-Botkit Code Copy\SimpleConversationalBot.js:139] Getting Whatsapp Messages
2025-01-22 18:03:14 [INFO]: [Function: Apis.js/getValidToken] [Line: C:\Kore AI\Automation AI\Tune Talk-Botkit Code Copy\Apis.js:45] retrieving cached token for authentication.
2025-01-22 18:03:14 [INFO]: [Function: SimpleConversationalBot.js/getWhatsAppMessage] [Line: C:\Kore AI\Automation AI\Tune Talk-Botkit Code Copy\SimpleConversationalBot.js:194] Message processed successfully | statuscode: 200
2025-01-22 18:03:16 [INFO]: [Function: SimpleConversationalBot.js/on_user_message] [Line: C:\Kore AI\Automation AI\Tune Talk-Botkit Code Copy\SimpleConversationalBot.js:24] User Message: How are you
2025-01-22 18:03:16 [INFO]: [Function: SimpleConversationalBot.js/on_user_message] [Line: C:\Kore AI\Automation AI\Tune Talk-Botkit Code Copy\SimpleConversationalBot.js:43] Agent Transfer Status is False - Forwarding MSG to Bot
2025-01-22 18:03:17 [INFO]: [Function: SimpleConversationalBot.js/on_bot_message] [Line: C:\Kore AI\Automation AI\Tune Talk-Botkit Code Copy\SimpleConversationalBot.js:92] Bot Message: I'm good. Thank you.
2025-01-22 18:03:17 [INFO]: [Function: Apis.js/sendResponseToWABA] [Line: C:\Kore AI\Automation AI\Tune Talk-Botkit Code Copy\Apis.js:249] Sending response to WABA user 
2025-01-22 18:03:29 [INFO]: [Function: Apis.js/sendResponseToWABA] [Line: C:\Kore AI\Automation AI\Tune Talk-Botkit Code Copy\Apis.js:327] Response sent to WABA
2025-01-22 18:03:30 [INFO]: [Function: SimpleConversationalBot.js/getWhatsAppMessage] [Line: C:\Kore AI\Automation AI\Tune Talk-Botkit Code Copy\SimpleConversationalBot.js:139] Getting Whatsapp Messages
2025-01-22 18:03:30 [WARN]: [Function: SimpleConversationalBot.js/getWhatsAppMessage] [Line: C:\Kore AI\Automation AI\Tune Talk-Botkit Code Copy\SimpleConversationalBot.js:159] No messages found in the changes array | statuscode: 400 | Bad Request
2025-01-22 18:03:30 [INFO]: [Function: SimpleConversationalBot.js/getWhatsAppMessage] [Line: C:\Kore AI\Automation AI\Tune Talk-Botkit Code Copy\SimpleConversationalBot.js:139] Getting Whatsapp Messages
2025-01-22 18:03:30 [WARN]: [Function: SimpleConversationalBot.js/getWhatsAppMessage] [Line: C:\Kore AI\Automation AI\Tune Talk-Botkit Code Copy\SimpleConversationalBot.js:159] No messages found in the changes array | statuscode: 400 | Bad Request
2025-01-22 18:03:48 [INFO]: [Function: SimpleConversationalBot.js/getWhatsAppMessage] [Line: C:\Kore AI\Automation AI\Tune Talk-Botkit Code Copy\SimpleConversationalBot.js:139] Getting Whatsapp Messages
2025-01-22 18:03:48 [INFO]: [Function: Apis.js/getValidToken] [Line: C:\Kore AI\Automation AI\Tune Talk-Botkit Code Copy\Apis.js:45] retrieving cached token for authentication.
2025-01-22 18:03:48 [INFO]: [Function: SimpleConversationalBot.js/getWhatsAppMessage] [Line: C:\Kore AI\Automation AI\Tune Talk-Botkit Code Copy\SimpleConversationalBot.js:194] Message processed successfully | statuscode: 200
2025-01-22 18:03:50 [INFO]: [Function: SimpleConversationalBot.js/on_user_message] [Line: C:\Kore AI\Automation AI\Tune Talk-Botkit Code Copy\SimpleConversationalBot.js:24] User Message: What is the time now
2025-01-22 18:03:50 [INFO]: [Function: SimpleConversationalBot.js/on_user_message] [Line: C:\Kore AI\Automation AI\Tune Talk-Botkit Code Copy\SimpleConversationalBot.js:43] Agent Transfer Status is False - Forwarding MSG to Bot
2025-01-22 18:03:51 [INFO]: [Function: SimpleConversationalBot.js/on_bot_message] [Line: C:\Kore AI\Automation AI\Tune Talk-Botkit Code Copy\SimpleConversationalBot.js:92] Bot Message: {"whatsappId":"7c63d140-8924-414e-998a-ef2993e74f28","to":"919391338107","interactive":{"type":"button","body":{"text":"I’m unable to provide the information you're looking for. Here are the options available to you , Please choose one to proceed:"},"action":{"buttons":[{"type":"reply","reply":{"id":"Connect With Agent","title":"Connect With Agent"}},{"type":"reply","reply":{"id":"Create Ticket","title":"Create Ticket"}}]}}}
2025-01-22 18:03:52 [INFO]: [Function: Apis.js/sendResponseToWABA] [Line: C:\Kore AI\Automation AI\Tune Talk-Botkit Code Copy\Apis.js:249] Sending response to WABA user 
2025-01-22 18:03:52 [INFO]: [Function: Apis.js/sendResponseToWABA] [Line: C:\Kore AI\Automation AI\Tune Talk-Botkit Code Copy\Apis.js:327] Response sent to WABA
2025-01-22 18:03:53 [INFO]: [Function: SimpleConversationalBot.js/getWhatsAppMessage] [Line: C:\Kore AI\Automation AI\Tune Talk-Botkit Code Copy\SimpleConversationalBot.js:139] Getting Whatsapp Messages
2025-01-22 18:03:53 [WARN]: [Function: SimpleConversationalBot.js/getWhatsAppMessage] [Line: C:\Kore AI\Automation AI\Tune Talk-Botkit Code Copy\SimpleConversationalBot.js:159] No messages found in the changes array | statuscode: 400 | Bad Request
2025-01-22 18:03:54 [INFO]: [Function: SimpleConversationalBot.js/getWhatsAppMessage] [Line: C:\Kore AI\Automation AI\Tune Talk-Botkit Code Copy\SimpleConversationalBot.js:139] Getting Whatsapp Messages
2025-01-22 18:03:54 [WARN]: [Function: SimpleConversationalBot.js/getWhatsAppMessage] [Line: C:\Kore AI\Automation AI\Tune Talk-Botkit Code Copy\SimpleConversationalBot.js:159] No messages found in the changes array | statuscode: 400 | Bad Request
2025-01-22 18:04:00 [INFO]: [Function: SimpleConversationalBot.js/getWhatsAppMessage] [Line: C:\Kore AI\Automation AI\Tune Talk-Botkit Code Copy\SimpleConversationalBot.js:139] Getting Whatsapp Messages
2025-01-22 18:04:00 [INFO]: [Function: Apis.js/getValidToken] [Line: C:\Kore AI\Automation AI\Tune Talk-Botkit Code Copy\Apis.js:45] retrieving cached token for authentication.
2025-01-22 18:04:00 [INFO]: [Function: SimpleConversationalBot.js/getWhatsAppMessage] [Line: C:\Kore AI\Automation AI\Tune Talk-Botkit Code Copy\SimpleConversationalBot.js:194] Message processed successfully | statuscode: 200
2025-01-22 18:04:01 [INFO]: [Function: SimpleConversationalBot.js/on_user_message] [Line: C:\Kore AI\Automation AI\Tune Talk-Botkit Code Copy\SimpleConversationalBot.js:24] User Message: Okay
2025-01-22 18:04:01 [INFO]: [Function: SimpleConversationalBot.js/on_user_message] [Line: C:\Kore AI\Automation AI\Tune Talk-Botkit Code Copy\SimpleConversationalBot.js:43] Agent Transfer Status is False - Forwarding MSG to Bot
2025-01-22 18:04:03 [INFO]: [Function: SimpleConversationalBot.js/on_bot_message] [Line: C:\Kore AI\Automation AI\Tune Talk-Botkit Code Copy\SimpleConversationalBot.js:92] Bot Message: Alright. 
2025-01-22 18:04:03 [INFO]: [Function: Apis.js/sendResponseToWABA] [Line: C:\Kore AI\Automation AI\Tune Talk-Botkit Code Copy\Apis.js:249] Sending response to WABA user 
2025-01-22 18:04:04 [INFO]: [Function: Apis.js/sendResponseToWABA] [Line: C:\Kore AI\Automation AI\Tune Talk-Botkit Code Copy\Apis.js:327] Response sent to WABA
2025-01-22 18:04:05 [INFO]: [Function: SimpleConversationalBot.js/getWhatsAppMessage] [Line: C:\Kore AI\Automation AI\Tune Talk-Botkit Code Copy\SimpleConversationalBot.js:139] Getting Whatsapp Messages
2025-01-22 18:04:05 [WARN]: [Function: SimpleConversationalBot.js/getWhatsAppMessage] [Line: C:\Kore AI\Automation AI\Tune Talk-Botkit Code Copy\SimpleConversationalBot.js:159] No messages found in the changes array | statuscode: 400 | Bad Request
2025-01-22 18:04:06 [INFO]: [Function: SimpleConversationalBot.js/getWhatsAppMessage] [Line: C:\Kore AI\Automation AI\Tune Talk-Botkit Code Copy\SimpleConversationalBot.js:139] Getting Whatsapp Messages
2025-01-22 18:04:06 [WARN]: [Function: SimpleConversationalBot.js/getWhatsAppMessage] [Line: C:\Kore AI\Automation AI\Tune Talk-Botkit Code Copy\SimpleConversationalBot.js:159] No messages found in the changes array | statuscode: 400 | Bad Request
2025-01-22 18:11:10 [INFO]: [Function: SimpleConversationalBot.js/getWhatsAppMessage] [Line: C:\Kore AI\Automation AI\Tune Talk-Botkit Code Copy\SimpleConversationalBot.js:139] Getting Whatsapp Messages
2025-01-22 18:11:10 [INFO]: [Function: Apis.js/getValidToken] [Line: C:\Kore AI\Automation AI\Tune Talk-Botkit Code Copy\Apis.js:45] retrieving cached token for authentication.
2025-01-22 18:11:10 [INFO]: [Function: SimpleConversationalBot.js/getWhatsAppMessage] [Line: C:\Kore AI\Automation AI\Tune Talk-Botkit Code Copy\SimpleConversationalBot.js:194] Message processed successfully | statuscode: 200
2025-01-22 18:11:11 [INFO]: [Function: SimpleConversationalBot.js/on_user_message] [Line: C:\Kore AI\Automation AI\Tune Talk-Botkit Code Copy\SimpleConversationalBot.js:24] User Message: Can you connect me to agent
2025-01-22 18:11:11 [INFO]: [Function: SimpleConversationalBot.js/on_user_message] [Line: C:\Kore AI\Automation AI\Tune Talk-Botkit Code Copy\SimpleConversationalBot.js:43] Agent Transfer Status is False - Forwarding MSG to Bot
2025-01-22 18:11:14 [INFO]: [Function: SimpleConversationalBot.js/on_agent_transfer] [Line: C:\Kore AI\Automation AI\Tune Talk-Botkit Code Copy\SimpleConversationalBot.js:294] Agent Transfer sessionId : 6790e766ad11be4693a93f37
2025-01-22 18:11:14 [INFO]: [Function: SimpleConversationalBot.js/on_agent_transfer] [Line: C:\Kore AI\Automation AI\Tune Talk-Botkit Code Copy\SimpleConversationalBot.js:329] request from whatsapp channel
2025-01-22 18:11:14 [INFO]: [Function: Apis.js/getValidToken] [Line: C:\Kore AI\Automation AI\Tune Talk-Botkit Code Copy\Apis.js:45] retrieving cached token for authentication.
2025-01-22 18:11:14 [INFO]: [Function: Apis.js/sendResponseToWABA] [Line: C:\Kore AI\Automation AI\Tune Talk-Botkit Code Copy\Apis.js:249] Sending response to WABA user 
2025-01-22 18:11:14 [INFO]: [Function: Apis.js/initiateChat] [Line: C:\Kore AI\Automation AI\Tune Talk-Botkit Code Copy\Apis.js:91] initiating Chat with agent : [object Object]
2025-01-22 18:11:14 [INFO]: [Function: Apis.js/gethistory] [Line: C:\Kore AI\Automation AI\Tune Talk-Botkit Code Copy\Apis.js:355] Fetching Chat History of SessionId: 6790e766ad11be4693a93f37
2025-01-22 18:11:14 [INFO]: [Function: Apis.js/initiateChat] [Line: C:\Kore AI\Automation AI\Tune Talk-Botkit Code Copy\Apis.js:179] Chat initiated successfully | statuscode: 201
2025-01-22 18:11:21 [INFO]: [Function: SimpleConversationalBot.js/getAgentMessage] [Line: C:\Kore AI\Automation AI\Tune Talk-Botkit Code Copy\SimpleConversationalBot.js:389] Received agent message: [object Object]
2025-01-22 18:11:21 [INFO]: [Function: SimpleConversationalBot.js/getAgentMessage] [Line: C:\Kore AI\Automation AI\Tune Talk-Botkit Code Copy\SimpleConversationalBot.js:465] Sending agent message to WhatsApp Channel user u-992bc669-6c4b-5c6d-8b16-5dfeb2f0f93d
2025-01-22 18:11:21 [INFO]: [Function: Apis.js/getAccessToken] [Line: C:\Kore AI\Automation AI\Tune Talk-Botkit Code Copy\Apis.js:13] Generating new access token
2025-01-22 18:11:22 [INFO]: [Function: Apis.js/sendResponseToWABA] [Line: C:\Kore AI\Automation AI\Tune Talk-Botkit Code Copy\Apis.js:249] Sending response to WABA user 
2025-01-22 18:11:22 [INFO]: [Function: SimpleConversationalBot.js/getAgentMessage] [Line: unknown] Agent message sent to WhatsApp Channel | statuscode: 200
2025-01-22 18:11:22 [INFO]: [Function: SimpleConversationalBot.js/getAgentMessage] [Line: C:\Kore AI\Automation AI\Tune Talk-Botkit Code Copy\SimpleConversationalBot.js:389] Received agent message: [object Object]
2025-01-22 18:11:22 [INFO]: [Function: SimpleConversationalBot.js/getAgentMessage] [Line: C:\Kore AI\Automation AI\Tune Talk-Botkit Code Copy\SimpleConversationalBot.js:465] Sending agent message to WhatsApp Channel user u-992bc669-6c4b-5c6d-8b16-5dfeb2f0f93d
2025-01-22 18:11:22 [INFO]: [Function: Apis.js/getAccessToken] [Line: C:\Kore AI\Automation AI\Tune Talk-Botkit Code Copy\Apis.js:13] Generating new access token
2025-01-22 18:11:22 [INFO]: [Function: Apis.js/sendResponseToWABA] [Line: C:\Kore AI\Automation AI\Tune Talk-Botkit Code Copy\Apis.js:249] Sending response to WABA user 
2025-01-22 18:11:22 [INFO]: [Function: SimpleConversationalBot.js/getAgentMessage] [Line: unknown] Agent message sent to WhatsApp Channel | statuscode: 200
2025-01-22 18:11:22 [INFO]: [Function: Apis.js/sendResponseToWABA] [Line: C:\Kore AI\Automation AI\Tune Talk-Botkit Code Copy\Apis.js:327] Response sent to WABA
2025-01-22 18:11:23 [INFO]: [Function: Apis.js/sendResponseToWABA] [Line: C:\Kore AI\Automation AI\Tune Talk-Botkit Code Copy\Apis.js:327] Response sent to WABA
2025-01-22 18:11:23 [INFO]: [Function: SimpleConversationalBot.js/getWhatsAppMessage] [Line: C:\Kore AI\Automation AI\Tune Talk-Botkit Code Copy\SimpleConversationalBot.js:139] Getting Whatsapp Messages
2025-01-22 18:11:23 [WARN]: [Function: SimpleConversationalBot.js/getWhatsAppMessage] [Line: C:\Kore AI\Automation AI\Tune Talk-Botkit Code Copy\SimpleConversationalBot.js:159] No messages found in the changes array | statuscode: 400 | Bad Request
2025-01-22 18:11:24 [INFO]: [Function: SimpleConversationalBot.js/getWhatsAppMessage] [Line: C:\Kore AI\Automation AI\Tune Talk-Botkit Code Copy\SimpleConversationalBot.js:139] Getting Whatsapp Messages
2025-01-22 18:11:24 [WARN]: [Function: SimpleConversationalBot.js/getWhatsAppMessage] [Line: C:\Kore AI\Automation AI\Tune Talk-Botkit Code Copy\SimpleConversationalBot.js:159] No messages found in the changes array | statuscode: 400 | Bad Request
2025-01-22 18:11:24 [INFO]: [Function: SimpleConversationalBot.js/getWhatsAppMessage] [Line: C:\Kore AI\Automation AI\Tune Talk-Botkit Code Copy\SimpleConversationalBot.js:139] Getting Whatsapp Messages
2025-01-22 18:11:24 [WARN]: [Function: SimpleConversationalBot.js/getWhatsAppMessage] [Line: C:\Kore AI\Automation AI\Tune Talk-Botkit Code Copy\SimpleConversationalBot.js:159] No messages found in the changes array | statuscode: 400 | Bad Request
2025-01-22 18:11:24 [INFO]: [Function: SimpleConversationalBot.js/getWhatsAppMessage] [Line: C:\Kore AI\Automation AI\Tune Talk-Botkit Code Copy\SimpleConversationalBot.js:139] Getting Whatsapp Messages
2025-01-22 18:11:24 [WARN]: [Function: SimpleConversationalBot.js/getWhatsAppMessage] [Line: C:\Kore AI\Automation AI\Tune Talk-Botkit Code Copy\SimpleConversationalBot.js:159] No messages found in the changes array | statuscode: 400 | Bad Request
2025-01-22 18:11:25 [INFO]: [Function: Apis.js/sendResponseToWABA] [Line: C:\Kore AI\Automation AI\Tune Talk-Botkit Code Copy\Apis.js:327] Response sent to WABA
2025-01-22 18:11:25 [INFO]: [Function: Apis.js/sendResponseToWABA] [Line: C:\Kore AI\Automation AI\Tune Talk-Botkit Code Copy\Apis.js:329] Message processed and response sent to WABA successfully
2025-01-22 18:11:26 [INFO]: [Function: SimpleConversationalBot.js/getWhatsAppMessage] [Line: C:\Kore AI\Automation AI\Tune Talk-Botkit Code Copy\SimpleConversationalBot.js:139] Getting Whatsapp Messages
2025-01-22 18:11:26 [WARN]: [Function: SimpleConversationalBot.js/getWhatsAppMessage] [Line: C:\Kore AI\Automation AI\Tune Talk-Botkit Code Copy\SimpleConversationalBot.js:159] No messages found in the changes array | statuscode: 400 | Bad Request
2025-01-22 18:11:27 [INFO]: [Function: SimpleConversationalBot.js/getWhatsAppMessage] [Line: C:\Kore AI\Automation AI\Tune Talk-Botkit Code Copy\SimpleConversationalBot.js:139] Getting Whatsapp Messages
2025-01-22 18:11:27 [WARN]: [Function: SimpleConversationalBot.js/getWhatsAppMessage] [Line: C:\Kore AI\Automation AI\Tune Talk-Botkit Code Copy\SimpleConversationalBot.js:159] No messages found in the changes array | statuscode: 400 | Bad Request
2025-01-22 18:11:28 [ERROR]: [Function: SimpleConversationalBot.js/handleWABAtoKoreAndBack] [Line: C:\Kore AI\Automation AI\Tune Talk-Botkit Code Copy\SimpleConversationalBot.js:250] Kore.ai request failed with status code 504
2025-01-22 18:11:51 [INFO]: [Function: SimpleConversationalBot.js/getAgentMessage] [Line: C:\Kore AI\Automation AI\Tune Talk-Botkit Code Copy\SimpleConversationalBot.js:389] Received agent message: [object Object]
2025-01-22 18:11:51 [INFO]: [Function: SimpleConversationalBot.js/getAgentMessage] [Line: C:\Kore AI\Automation AI\Tune Talk-Botkit Code Copy\SimpleConversationalBot.js:465] Sending agent message to WhatsApp Channel user u-992bc669-6c4b-5c6d-8b16-5dfeb2f0f93d
2025-01-22 18:11:51 [INFO]: [Function: Apis.js/getAccessToken] [Line: C:\Kore AI\Automation AI\Tune Talk-Botkit Code Copy\Apis.js:13] Generating new access token
2025-01-22 18:11:51 [INFO]: [Function: Apis.js/sendResponseToWABA] [Line: C:\Kore AI\Automation AI\Tune Talk-Botkit Code Copy\Apis.js:249] Sending response to WABA user 
2025-01-22 18:11:51 [INFO]: [Function: SimpleConversationalBot.js/getAgentMessage] [Line: unknown] Agent message sent to WhatsApp Channel | statuscode: 200
2025-01-22 18:11:52 [INFO]: [Function: Apis.js/sendResponseToWABA] [Line: C:\Kore AI\Automation AI\Tune Talk-Botkit Code Copy\Apis.js:327] Response sent to WABA
2025-01-22 18:11:53 [INFO]: [Function: SimpleConversationalBot.js/getWhatsAppMessage] [Line: C:\Kore AI\Automation AI\Tune Talk-Botkit Code Copy\SimpleConversationalBot.js:139] Getting Whatsapp Messages
2025-01-22 18:11:53 [WARN]: [Function: SimpleConversationalBot.js/getWhatsAppMessage] [Line: C:\Kore AI\Automation AI\Tune Talk-Botkit Code Copy\SimpleConversationalBot.js:159] No messages found in the changes array | statuscode: 400 | Bad Request
2025-01-22 18:11:53 [INFO]: [Function: SimpleConversationalBot.js/getWhatsAppMessage] [Line: C:\Kore AI\Automation AI\Tune Talk-Botkit Code Copy\SimpleConversationalBot.js:139] Getting Whatsapp Messages
2025-01-22 18:11:53 [WARN]: [Function: SimpleConversationalBot.js/getWhatsAppMessage] [Line: C:\Kore AI\Automation AI\Tune Talk-Botkit Code Copy\SimpleConversationalBot.js:159] No messages found in the changes array | statuscode: 400 | Bad Request
2025-01-22 18:11:58 [INFO]: [Function: SimpleConversationalBot.js/getWhatsAppMessage] [Line: C:\Kore AI\Automation AI\Tune Talk-Botkit Code Copy\SimpleConversationalBot.js:139] Getting Whatsapp Messages
2025-01-22 18:11:58 [WARN]: [Function: SimpleConversationalBot.js/getWhatsAppMessage] [Line: C:\Kore AI\Automation AI\Tune Talk-Botkit Code Copy\SimpleConversationalBot.js:159] No messages found in the changes array | statuscode: 400 | Bad Request
2025-01-22 18:12:14 [INFO]: [Function: SimpleConversationalBot.js/getWhatsAppMessage] [Line: C:\Kore AI\Automation AI\Tune Talk-Botkit Code Copy\SimpleConversationalBot.js:139] Getting Whatsapp Messages
2025-01-22 18:12:14 [INFO]: [Function: Apis.js/getValidToken] [Line: C:\Kore AI\Automation AI\Tune Talk-Botkit Code Copy\Apis.js:45] retrieving cached token for authentication.
2025-01-22 18:12:14 [INFO]: [Function: SimpleConversationalBot.js/getWhatsAppMessage] [Line: C:\Kore AI\Automation AI\Tune Talk-Botkit Code Copy\SimpleConversationalBot.js:194] Message processed successfully | statuscode: 200
2025-01-22 18:12:15 [INFO]: [Function: SimpleConversationalBot.js/on_user_message] [Line: C:\Kore AI\Automation AI\Tune Talk-Botkit Code Copy\SimpleConversationalBot.js:24] User Message: Everything looks fine
2025-01-22 18:12:15 [INFO]: [Function: SimpleConversationalBot.js/on_user_message] [Line: C:\Kore AI\Automation AI\Tune Talk-Botkit Code Copy\SimpleConversationalBot.js:59] Agent Transfer is True, Chat Intiated True
2025-01-22 18:12:15 [INFO]: [Function: Apis.js/addMessageToChat] [Line: C:\Kore AI\Automation AI\Tune Talk-Botkit Code Copy\Apis.js:199] Adding Message To Existing Chat for live chat agent
2025-01-22 18:12:16 [INFO]: [Function: SimpleConversationalBot.js/getWhatsAppMessage] [Line: C:\Kore AI\Automation AI\Tune Talk-Botkit Code Copy\SimpleConversationalBot.js:139] Getting Whatsapp Messages
2025-01-22 18:12:16 [INFO]: [Function: Apis.js/getValidToken] [Line: C:\Kore AI\Automation AI\Tune Talk-Botkit Code Copy\Apis.js:45] retrieving cached token for authentication.
2025-01-22 18:12:16 [INFO]: [Function: SimpleConversationalBot.js/getWhatsAppMessage] [Line: C:\Kore AI\Automation AI\Tune Talk-Botkit Code Copy\SimpleConversationalBot.js:194] Message processed successfully | statuscode: 200
2025-01-22 18:12:17 [INFO]: [Function: SimpleConversationalBot.js/on_user_message] [Line: C:\Kore AI\Automation AI\Tune Talk-Botkit Code Copy\SimpleConversationalBot.js:24] User Message: Thanks
2025-01-22 18:12:17 [INFO]: [Function: SimpleConversationalBot.js/on_user_message] [Line: C:\Kore AI\Automation AI\Tune Talk-Botkit Code Copy\SimpleConversationalBot.js:59] Agent Transfer is True, Chat Intiated True
2025-01-22 18:12:17 [INFO]: [Function: Apis.js/addMessageToChat] [Line: C:\Kore AI\Automation AI\Tune Talk-Botkit Code Copy\Apis.js:199] Adding Message To Existing Chat for live chat agent
2025-01-22 18:12:17 [INFO]: [Function: Apis.js/addMessageToChat] [Line: C:\Kore AI\Automation AI\Tune Talk-Botkit Code Copy\Apis.js:232] Message added to chat successfully
2025-01-22 18:12:26 [INFO]: [Function: Apis.js/addMessageToChat] [Line: C:\Kore AI\Automation AI\Tune Talk-Botkit Code Copy\Apis.js:232] Message added to chat successfully
2025-01-22 18:12:30 [ERROR]: [Function: SimpleConversationalBot.js/handleWABAtoKoreAndBack] [Line: C:\Kore AI\Automation AI\Tune Talk-Botkit Code Copy\SimpleConversationalBot.js:250] Kore.ai request failed with status code 504
2025-01-22 18:12:32 [ERROR]: [Function: SimpleConversationalBot.js/handleWABAtoKoreAndBack] [Line: C:\Kore AI\Automation AI\Tune Talk-Botkit Code Copy\SimpleConversationalBot.js:250] Kore.ai request failed with status code 504
2025-01-22 18:12:38 [INFO]: [Function: SimpleConversationalBot.js/getAgentMessage] [Line: C:\Kore AI\Automation AI\Tune Talk-Botkit Code Copy\SimpleConversationalBot.js:389] Received agent message: [object Object]
2025-01-22 18:12:38 [INFO]: [Function: SimpleConversationalBot.js/getAgentMessage] [Line: C:\Kore AI\Automation AI\Tune Talk-Botkit Code Copy\SimpleConversationalBot.js:465] Sending agent message to WhatsApp Channel user u-992bc669-6c4b-5c6d-8b16-5dfeb2f0f93d
2025-01-22 18:12:38 [INFO]: [Function: Apis.js/getAccessToken] [Line: C:\Kore AI\Automation AI\Tune Talk-Botkit Code Copy\Apis.js:13] Generating new access token
2025-01-22 18:12:49 [INFO]: [Function: Apis.js/sendResponseToWABA] [Line: C:\Kore AI\Automation AI\Tune Talk-Botkit Code Copy\Apis.js:249] Sending response to WABA user 
2025-01-22 18:12:49 [INFO]: [Function: SimpleConversationalBot.js/getAgentMessage] [Line: unknown] Agent message sent to WhatsApp Channel | statuscode: 200
2025-01-22 18:12:50 [INFO]: [Function: Apis.js/sendResponseToWABA] [Line: C:\Kore AI\Automation AI\Tune Talk-Botkit Code Copy\Apis.js:327] Response sent to WABA
2025-01-22 18:12:51 [INFO]: [Function: SimpleConversationalBot.js/getWhatsAppMessage] [Line: C:\Kore AI\Automation AI\Tune Talk-Botkit Code Copy\SimpleConversationalBot.js:139] Getting Whatsapp Messages
2025-01-22 18:12:51 [WARN]: [Function: SimpleConversationalBot.js/getWhatsAppMessage] [Line: C:\Kore AI\Automation AI\Tune Talk-Botkit Code Copy\SimpleConversationalBot.js:159] No messages found in the changes array | statuscode: 400 | Bad Request
2025-01-22 18:12:52 [INFO]: [Function: SimpleConversationalBot.js/getWhatsAppMessage] [Line: C:\Kore AI\Automation AI\Tune Talk-Botkit Code Copy\SimpleConversationalBot.js:139] Getting Whatsapp Messages
2025-01-22 18:12:52 [WARN]: [Function: SimpleConversationalBot.js/getWhatsAppMessage] [Line: C:\Kore AI\Automation AI\Tune Talk-Botkit Code Copy\SimpleConversationalBot.js:159] No messages found in the changes array | statuscode: 400 | Bad Request
2025-01-22 18:12:54 [INFO]: [Function: SimpleConversationalBot.js/getWhatsAppMessage] [Line: C:\Kore AI\Automation AI\Tune Talk-Botkit Code Copy\SimpleConversationalBot.js:139] Getting Whatsapp Messages
2025-01-22 18:12:54 [WARN]: [Function: SimpleConversationalBot.js/getWhatsAppMessage] [Line: C:\Kore AI\Automation AI\Tune Talk-Botkit Code Copy\SimpleConversationalBot.js:159] No messages found in the changes array | statuscode: 400 | Bad Request
2025-01-22 18:12:56 [INFO]: [Function: SimpleConversationalBot.js/getAgentMessage] [Line: C:\Kore AI\Automation AI\Tune Talk-Botkit Code Copy\SimpleConversationalBot.js:389] Received agent message: [object Object]
2025-01-22 18:12:56 [INFO]: [Function: SimpleConversationalBot.js/getAgentMessage] [Line: C:\Kore AI\Automation AI\Tune Talk-Botkit Code Copy\SimpleConversationalBot.js:419] chat closed
2025-01-22 18:12:56 [INFO]: [Function: Apis.js/getValidToken] [Line: C:\Kore AI\Automation AI\Tune Talk-Botkit Code Copy\Apis.js:45] retrieving cached token for authentication.
2025-01-22 18:12:56 [INFO]: [Function: Apis.js/sendResponseToWABA] [Line: C:\Kore AI\Automation AI\Tune Talk-Botkit Code Copy\Apis.js:249] Sending response to WABA user 
2025-01-22 18:12:56 [INFO]: [Function: SimpleConversationalBot.js/getAgentMessage] [Line: C:\Kore AI\Automation AI\Tune Talk-Botkit Code Copy\SimpleConversationalBot.js:449] Chat session ended successfully | statuscode: 200
2025-01-22 18:12:57 [INFO]: [Function: Apis.js/sendResponseToWABA] [Line: C:\Kore AI\Automation AI\Tune Talk-Botkit Code Copy\Apis.js:327] Response sent to WABA
2025-01-22 18:12:58 [INFO]: [Function: SimpleConversationalBot.js/getWhatsAppMessage] [Line: C:\Kore AI\Automation AI\Tune Talk-Botkit Code Copy\SimpleConversationalBot.js:139] Getting Whatsapp Messages
2025-01-22 18:12:58 [WARN]: [Function: SimpleConversationalBot.js/getWhatsAppMessage] [Line: C:\Kore AI\Automation AI\Tune Talk-Botkit Code Copy\SimpleConversationalBot.js:159] No messages found in the changes array | statuscode: 400 | Bad Request
2025-01-22 18:12:58 [INFO]: [Function: SimpleConversationalBot.js/getWhatsAppMessage] [Line: C:\Kore AI\Automation AI\Tune Talk-Botkit Code Copy\SimpleConversationalBot.js:139] Getting Whatsapp Messages
2025-01-22 18:12:58 [WARN]: [Function: SimpleConversationalBot.js/getWhatsAppMessage] [Line: C:\Kore AI\Automation AI\Tune Talk-Botkit Code Copy\SimpleConversationalBot.js:159] No messages found in the changes array | statuscode: 400 | Bad Request
